#
# There is insufficient memory for the Java Runtime Environment to continue.
# Native memory allocation (malloc) failed to allocate 1048576 bytes for AllocateHeap
# Possible reasons:
#   The system is out of physical RAM or swap space
#   The process is running with CompressedOops enabled, and the Java Heap may be blocking the growth of the native heap
# Possible solutions:
#   Reduce memory load on the system
#   Increase physical memory or swap space
#   Check if swap backing store is full
#   Decrease Java heap size (-Xmx/-Xms)
#   Decrease number of Java threads
#   Decrease Java thread stack sizes (-Xss)
#   Set larger code cache with -XX:ReservedCodeCacheSize=
#   JVM is running with Unscaled Compressed Oops mode in which the Java heap is
#     placed in the first 4GB address space. The Java Heap base address is the
#     maximum limit for the native heap growth. Please use -XX:HeapBaseMinAddress
#     to set the Java Heap base and to place the Java Heap above 4GB virtual address.
# This output file may be truncated or incomplete.
#
#  Out of Memory Error (allocation.cpp:44), pid=19932, tid=13696
#
# JRE version: OpenJDK Runtime Environment Temurin-17.0.7+7 (17.0.7+7) (build 17.0.7+7)
# Java VM: OpenJDK 64-Bit Server VM Temurin-17.0.7+7 (17.0.7+7, mixed mode, emulated-client, tiered, compressed oops, compressed class ptrs, g1 gc, windows-amd64)
# No core dump will be written. Minidumps are not enabled by default on client versions of Windows
#

---------------  S U M M A R Y ------------

Command Line: -XX:+HeapDumpOnOutOfMemoryError -Xmx1024m -Dsts.lsp.client=vscode -Dsts.log.file=/dev/null -XX:TieredStopAtLevel=1 -Xlog:jni+resolve=off -Dspring.config.location=file:c:\Users\Dinma\.vscode\extensions\vmware.vscode-spring-boot-1.47.0\language-server\BOOT-INF\classes\application.properties org.springframework.ide.vscode.boot.app.BootLanguageServerBootApp

Host: Intel(R) Xeon(R) Gold 6154 CPU @ 3.00GHz, 4 cores, 7G,  Windows 10 , 64 bit Build 19041 (10.0.19041.3031)
Time: Thu Jun 29 17:44:14 2023 Pacific Daylight Time elapsed time: 10910.859526 seconds (0d 3h 1m 50s)

---------------  T H R E A D  ---------------

Current thread (0x0000028e7151fc70):  VMThread "VM Thread" [stack: 0x000000fe74500000,0x000000fe74600000] [id=13696]

Stack: [0x000000fe74500000,0x000000fe74600000]
Native frames: (J=compiled Java code, j=interpreted, Vv=VM code, C=native code)
V  [jvm.dll+0x67754a]
V  [jvm.dll+0x834304]
V  [jvm.dll+0x835aae]
V  [jvm.dll+0x836113]
V  [jvm.dll+0x24696f]
V  [jvm.dll+0xa681f]
V  [jvm.dll+0x2f73f3]
V  [jvm.dll+0x2f30f0]
V  [jvm.dll+0x2db6c7]
V  [jvm.dll+0x31e777]
V  [jvm.dll+0x83a5bb]
V  [jvm.dll+0x83b2f4]
V  [jvm.dll+0x83b80c]
V  [jvm.dll+0x83bbe4]
V  [jvm.dll+0x83bcb0]
V  [jvm.dll+0x7e4e7a]
V  [jvm.dll+0x676395]
C  [ucrtbase.dll+0x21bb2]
C  [KERNEL32.DLL+0x17614]
C  [ntdll.dll+0x526f1]

VM_Operation (0x000000fe756fed30): G1CollectFull, mode: safepoint, requested by thread 0x0000028e71691ac0


---------------  P R O C E S S  ---------------

Threads class SMR info:
_java_thread_list=0x0000028e786aaaa0, length=24, elements={
0x0000028e71551690, 0x0000028e71552500, 0x0000028e71545d00, 0x0000028e71546b70,
0x0000028e71548730, 0x0000028e715490e0, 0x0000028e7157b020, 0x0000028e7157c1d0,
0x0000028e71781080, 0x0000028e71794f90, 0x0000028e7709e6b0, 0x0000028e71677050,
0x0000028e71691ac0, 0x0000028e7727c020, 0x0000028e66ed3b00, 0x0000028e77177620,
0x0000028e76b797b0, 0x0000028e767f0a30, 0x0000028e7757bb70, 0x0000028e77577ce0,
0x0000028e77d13870, 0x0000028e77d12a00, 0x0000028e7820b550, 0x0000028e78787a80
}

Java Threads: ( => current thread )
  0x0000028e71551690 JavaThread "Reference Handler" daemon [_thread_blocked, id=11860, stack(0x000000fe74600000,0x000000fe74700000)]
  0x0000028e71552500 JavaThread "Finalizer" daemon [_thread_blocked, id=14936, stack(0x000000fe74700000,0x000000fe74800000)]
  0x0000028e71545d00 JavaThread "Signal Dispatcher" daemon [_thread_blocked, id=19220, stack(0x000000fe74800000,0x000000fe74900000)]
  0x0000028e71546b70 JavaThread "Attach Listener" daemon [_thread_blocked, id=564, stack(0x000000fe74900000,0x000000fe74a00000)]
  0x0000028e71548730 JavaThread "Service Thread" daemon [_thread_blocked, id=14880, stack(0x000000fe74a00000,0x000000fe74b00000)]
  0x0000028e715490e0 JavaThread "Monitor Deflation Thread" daemon [_thread_blocked, id=4764, stack(0x000000fe74b00000,0x000000fe74c00000)]
  0x0000028e7157b020 JavaThread "C1 CompilerThread0" daemon [_thread_blocked, id=18952, stack(0x000000fe74c00000,0x000000fe74d00000)]
  0x0000028e7157c1d0 JavaThread "Sweeper thread" daemon [_thread_blocked, id=19540, stack(0x000000fe74d00000,0x000000fe74e00000)]
  0x0000028e71781080 JavaThread "Notification Thread" daemon [_thread_blocked, id=8048, stack(0x000000fe74e00000,0x000000fe74f00000)]
  0x0000028e71794f90 JavaThread "Common-Cleaner" daemon [_thread_blocked, id=15972, stack(0x000000fe75000000,0x000000fe75100000)]
  0x0000028e7709e6b0 JavaThread "boundedElastic-evictor-1" daemon [_thread_blocked, id=20376, stack(0x000000fe75300000,0x000000fe75400000)]
  0x0000028e71677050 JavaThread "boundedElastic-evictor-2" daemon [_thread_blocked, id=17932, stack(0x000000fe75400000,0x000000fe75500000)]
  0x0000028e71691ac0 JavaThread "pool-10-thread-1" [_thread_blocked, id=19708, stack(0x000000fe75600000,0x000000fe75700000)]
  0x0000028e7727c020 JavaThread "LanguageServerApp-lifecycle" [_thread_blocked, id=3108, stack(0x000000fe75700000,0x000000fe75800000)]
  0x0000028e66ed3b00 JavaThread "DestroyJavaVM" [_thread_blocked, id=19756, stack(0x000000fe73f00000,0x000000fe74000000)]
  0x0000028e77177620 JavaThread "pool-11-thread-1" [_thread_in_native, id=14888, stack(0x000000fe75800000,0x000000fe75900000)]
  0x0000028e76b797b0 JavaThread "Simple-Language-Server main thread" daemon [_thread_blocked, id=17632, stack(0x000000fe75900000,0x000000fe75a00000)]
  0x0000028e767f0a30 JavaThread "parallel-1" daemon [_thread_blocked, id=15556, stack(0x000000fe76700000,0x000000fe76800000)]
  0x0000028e7757bb70 JavaThread "pool-4-thread-1" [_thread_blocked, id=15304, stack(0x000000fe76400000,0x000000fe76500000)]
  0x0000028e77577ce0 JavaThread "parallel-2" daemon [_thread_blocked, id=9108, stack(0x000000fe77100000,0x000000fe77200000)]
  0x0000028e77d13870 JavaThread "parallel-3" daemon [_thread_blocked, id=13652, stack(0x000000fe76800000,0x000000fe76900000)]
  0x0000028e77d12a00 JavaThread "parallel-4" daemon [_thread_blocked, id=13992, stack(0x000000fe76900000,0x000000fe76a00000)]
  0x0000028e7820b550 JavaThread "Reconciler-1" daemon [_thread_blocked, id=18600, stack(0x000000fe76a00000,0x000000fe76b00000)]
  0x0000028e78787a80 JavaThread "pool-6-thread-1" [_thread_blocked, id=620, stack(0x000000fe73e00000,0x000000fe73f00000)]

Other Threads:
=>0x0000028e7151fc70 VMThread "VM Thread" [stack: 0x000000fe74500000,0x000000fe74600000] [id=13696]
  0x0000028e7153b380 WatcherThread [stack: 0x000000fe74f00000,0x000000fe75000000] [id=3484]
  0x0000028e66f111f0 GCTaskThread "GC Thread#0" [stack: 0x000000fe74000000,0x000000fe74100000] [id=20832]
  0x0000028e7644f460 GCTaskThread "GC Thread#1" [stack: 0x000000fe75100000,0x000000fe75200000] [id=584]
  0x0000028e7644f710 GCTaskThread "GC Thread#2" [stack: 0x000000fe75200000,0x000000fe75300000] [id=2952]
  0x0000028e768d7320 GCTaskThread "GC Thread#3" [stack: 0x000000fe75500000,0x000000fe75600000] [id=15748]
  0x0000028e66f1a130 ConcurrentGCThread "G1 Main Marker" [stack: 0x000000fe74100000,0x000000fe74200000] [id=5488]
  0x0000028e66f1ab40 ConcurrentGCThread "G1 Conc#0" [stack: 0x000000fe74200000,0x000000fe74300000] [id=12892]
  0x0000028e66f4daa0 ConcurrentGCThread "G1 Refine#0" [stack: 0x000000fe74300000,0x000000fe74400000] [id=14108]
  0x0000028e77a19730 ConcurrentGCThread "G1 Refine#1" [stack: 0x000000fe77000000,0x000000fe77100000] [id=8256]
  0x0000028e773b6490 ConcurrentGCThread "G1 Refine#2" [stack: 0x000000fe77500000,0x000000fe77600000] [id=17392]
  0x0000028e773b61b0 ConcurrentGCThread "G1 Refine#3" [stack: 0x000000fe76600000,0x000000fe76700000] [id=4520]
  0x0000028e66f4e4c0 ConcurrentGCThread "G1 Service" [stack: 0x000000fe74400000,0x000000fe74500000] [id=21420]

Threads with active compile tasks:

VM state: at safepoint (normal execution)

VM Mutex/Monitor currently owned by a thread:  ([mutex/lock_event])
[0x0000028e64d74330] Threads_lock - owner thread: 0x0000028e7151fc70
[0x0000028e66ed14c0] Heap_lock - owner thread: 0x0000028e71691ac0

Heap address: 0x00000000c0000000, size: 1024 MB, Compressed Oops mode: 32-bit

CDS archive(s) not mapped
Compressed class space mapped at: 0x0000000100000000-0x0000000140000000, reserved size: 1073741824
Narrow klass base: 0x0000000000000000, Narrow klass shift: 3, Narrow klass range: 0x140000000

GC Precious Log:
 CPUs: 4 total, 4 available
 Memory: 8191M
 Large Page Support: Disabled
 NUMA Support: Disabled
 Compressed Oops: Enabled (32-bit)
 Heap Region Size: 1M
 Heap Min Capacity: 8M
 Heap Initial Capacity: 128M
 Heap Max Capacity: 1G
 Pre-touch: Disabled
 Parallel Workers: 4
 Concurrent Workers: 1
 Concurrent Refinement Workers: 4
 Periodic GC: Disabled

Heap:
 garbage-first heap   total 327680K, used 97212K [0x00000000c0000000, 0x0000000100000000)
  region size 1024K, 1 young (1024K), 0 survivors (0K)
 Metaspace       used 74493K, committed 75008K, reserved 1114112K
  class space    used 10183K, committed 10432K, reserved 1048576K

Heap Regions: E=young(eden), S=young(survivor), O=old, HS=humongous(starts), HC=humongous(continues), CS=collection set, F=free, OA=open archive, CA=closed archive, TAMS=top-at-mark-start (previous, next)
|   0|0x00000000c0000000, 0x00000000c0100000, 0x00000000c0100000|100%|HS|  |TAMS 0x00000000c0100000, 0x00000000c0000000| Untracked 
|   1|0x00000000c0100000, 0x00000000c0200000, 0x00000000c0200000|100%| O|  |TAMS 0x00000000c0200000, 0x00000000c0100000| Untracked 
|   2|0x00000000c0200000, 0x00000000c0300000, 0x00000000c0300000|100%| O|  |TAMS 0x00000000c0300000, 0x00000000c0200000| Untracked 
|   3|0x00000000c0300000, 0x00000000c0400000, 0x00000000c0400000|100%| O|  |TAMS 0x00000000c0400000, 0x00000000c0300000| Untracked 
|   4|0x00000000c0400000, 0x00000000c0500000, 0x00000000c0500000|100%| O|  |TAMS 0x00000000c0500000, 0x00000000c0400000| Untracked 
|   5|0x00000000c0500000, 0x00000000c0600000, 0x00000000c0600000|100%| O|  |TAMS 0x00000000c0600000, 0x00000000c0500000| Untracked 
|   6|0x00000000c0600000, 0x00000000c0700000, 0x00000000c0700000|100%| O|  |TAMS 0x00000000c0700000, 0x00000000c0600000| Untracked 
|   7|0x00000000c0700000, 0x00000000c0800000, 0x00000000c0800000|100%| O|  |TAMS 0x00000000c0800000, 0x00000000c0700000| Untracked 
|   8|0x00000000c0800000, 0x00000000c0900000, 0x00000000c0900000|100%| O|  |TAMS 0x00000000c0900000, 0x00000000c0800000| Untracked 
|   9|0x00000000c0900000, 0x00000000c09ffff0, 0x00000000c0a00000| 99%| O|  |TAMS 0x00000000c09ffff0, 0x00000000c0900000| Untracked 
|  10|0x00000000c0a00000, 0x00000000c0b00000, 0x00000000c0b00000|100%| O|  |TAMS 0x00000000c0b00000, 0x00000000c0a00000| Untracked 
|  11|0x00000000c0b00000, 0x00000000c0c00000, 0x00000000c0c00000|100%| O|  |TAMS 0x00000000c0c00000, 0x00000000c0b00000| Untracked 
|  12|0x00000000c0c00000, 0x00000000c0d00000, 0x00000000c0d00000|100%| O|  |TAMS 0x00000000c0d00000, 0x00000000c0c00000| Untracked 
|  13|0x00000000c0d00000, 0x00000000c0dfffe0, 0x00000000c0e00000| 99%| O|  |TAMS 0x00000000c0dfffe0, 0x00000000c0d00000| Untracked 
|  14|0x00000000c0e00000, 0x00000000c0f00000, 0x00000000c0f00000|100%| O|  |TAMS 0x00000000c0f00000, 0x00000000c0e00000| Untracked 
|  15|0x00000000c0f00000, 0x00000000c1000000, 0x00000000c1000000|100%| O|  |TAMS 0x00000000c1000000, 0x00000000c0f00000| Untracked 
|  16|0x00000000c1000000, 0x00000000c10fffd8, 0x00000000c1100000| 99%| O|  |TAMS 0x00000000c10fffd8, 0x00000000c1000000| Untracked 
|  17|0x00000000c1100000, 0x00000000c1200000, 0x00000000c1200000|100%| O|  |TAMS 0x00000000c1200000, 0x00000000c1100000| Untracked 
|  18|0x00000000c1200000, 0x00000000c1300000, 0x00000000c1300000|100%| O|  |TAMS 0x00000000c1300000, 0x00000000c1200000| Untracked 
|  19|0x00000000c1300000, 0x00000000c13fffd8, 0x00000000c1400000| 99%| O|  |TAMS 0x00000000c13fffd8, 0x00000000c1300000| Untracked 
|  20|0x00000000c1400000, 0x00000000c1500000, 0x00000000c1500000|100%| O|  |TAMS 0x00000000c1500000, 0x00000000c1400000| Untracked 
|  21|0x00000000c1500000, 0x00000000c15ffff8, 0x00000000c1600000| 99%| O|  |TAMS 0x00000000c15ffff8, 0x00000000c1500000| Untracked 
|  22|0x00000000c1600000, 0x00000000c16fffc8, 0x00000000c1700000| 99%| O|  |TAMS 0x00000000c16fffc8, 0x00000000c1600000| Untracked 
|  23|0x00000000c1700000, 0x00000000c1800000, 0x00000000c1800000|100%| O|  |TAMS 0x00000000c1800000, 0x00000000c1700000| Untracked 
|  24|0x00000000c1800000, 0x00000000c1900000, 0x00000000c1900000|100%| O|  |TAMS 0x00000000c1900000, 0x00000000c1800000| Untracked 
|  25|0x00000000c1900000, 0x00000000c19fcf58, 0x00000000c1a00000| 98%| O|  |TAMS 0x00000000c19fcf58, 0x00000000c1900000| Untracked 
|  26|0x00000000c1a00000, 0x00000000c1affa08, 0x00000000c1b00000| 99%| O|  |TAMS 0x00000000c1affa08, 0x00000000c1a00000| Untracked 
|  27|0x00000000c1b00000, 0x00000000c1bffe58, 0x00000000c1c00000| 99%| O|  |TAMS 0x00000000c1bffe58, 0x00000000c1b00000| Untracked 
|  28|0x00000000c1c00000, 0x00000000c1d00000, 0x00000000c1d00000|100%| O|  |TAMS 0x00000000c1d00000, 0x00000000c1c00000| Untracked 
|  29|0x00000000c1d00000, 0x00000000c1dfffe8, 0x00000000c1e00000| 99%| O|  |TAMS 0x00000000c1dfffe8, 0x00000000c1d00000| Untracked 
|  30|0x00000000c1e00000, 0x00000000c1efbcb0, 0x00000000c1f00000| 98%| O|  |TAMS 0x00000000c1efbcb0, 0x00000000c1e00000| Untracked 
|  31|0x00000000c1f00000, 0x00000000c1ffffe8, 0x00000000c2000000| 99%| O|  |TAMS 0x00000000c1ffffe8, 0x00000000c1f00000| Untracked 
|  32|0x00000000c2000000, 0x00000000c20fffe8, 0x00000000c2100000| 99%| O|  |TAMS 0x00000000c20fffe8, 0x00000000c2000000| Untracked 
|  33|0x00000000c2100000, 0x00000000c21ffff0, 0x00000000c2200000| 99%| O|  |TAMS 0x00000000c21ffff0, 0x00000000c2100000| Untracked 
|  34|0x00000000c2200000, 0x00000000c22fffb0, 0x00000000c2300000| 99%| O|  |TAMS 0x00000000c22fffb0, 0x00000000c2200000| Untracked 
|  35|0x00000000c2300000, 0x00000000c23fffe0, 0x00000000c2400000| 99%| O|  |TAMS 0x00000000c23fffe0, 0x00000000c2300000| Untracked 
|  36|0x00000000c2400000, 0x00000000c24fffe8, 0x00000000c2500000| 99%| O|  |TAMS 0x00000000c24fffe8, 0x00000000c2400000| Untracked 
|  37|0x00000000c2500000, 0x00000000c25fffe0, 0x00000000c2600000| 99%| O|  |TAMS 0x00000000c25fffe0, 0x00000000c2500000| Untracked 
|  38|0x00000000c2600000, 0x00000000c26ffff8, 0x00000000c2700000| 99%| O|  |TAMS 0x00000000c26ffff8, 0x00000000c2600000| Untracked 
|  39|0x00000000c2700000, 0x00000000c27fffe8, 0x00000000c2800000| 99%| O|  |TAMS 0x00000000c27fffe8, 0x00000000c2700000| Untracked 
|  40|0x00000000c2800000, 0x00000000c28fffe0, 0x00000000c2900000| 99%| O|  |TAMS 0x00000000c28fffe0, 0x00000000c2800000| Untracked 
|  41|0x00000000c2900000, 0x00000000c29fffc8, 0x00000000c2a00000| 99%| O|  |TAMS 0x00000000c29fffc8, 0x00000000c2900000| Untracked 
|  42|0x00000000c2a00000, 0x00000000c2affff8, 0x00000000c2b00000| 99%| O|  |TAMS 0x00000000c2affff8, 0x00000000c2a00000| Untracked 
|  43|0x00000000c2b00000, 0x00000000c2c00000, 0x00000000c2c00000|100%| O|  |TAMS 0x00000000c2c00000, 0x00000000c2b00000| Untracked 
|  44|0x00000000c2c00000, 0x00000000c2cffff8, 0x00000000c2d00000| 99%| O|  |TAMS 0x00000000c2cffff8, 0x00000000c2c00000| Untracked 
|  45|0x00000000c2d00000, 0x00000000c2dfffa8, 0x00000000c2e00000| 99%| O|  |TAMS 0x00000000c2dfffa8, 0x00000000c2d00000| Untracked 
|  46|0x00000000c2e00000, 0x00000000c2efffe8, 0x00000000c2f00000| 99%| O|  |TAMS 0x00000000c2efffe8, 0x00000000c2e00000| Untracked 
|  47|0x00000000c2f00000, 0x00000000c2fffff0, 0x00000000c3000000| 99%| O|  |TAMS 0x00000000c2fffff0, 0x00000000c2f00000| Untracked 
|  48|0x00000000c3000000, 0x00000000c30fffd8, 0x00000000c3100000| 99%| O|  |TAMS 0x00000000c30fffd8, 0x00000000c3000000| Untracked 
|  49|0x00000000c3100000, 0x00000000c3200000, 0x00000000c3200000|100%| O|  |TAMS 0x00000000c3200000, 0x00000000c3100000| Untracked 
|  50|0x00000000c3200000, 0x00000000c3300000, 0x00000000c3300000|100%| O|  |TAMS 0x00000000c3300000, 0x00000000c3200000| Untracked 
|  51|0x00000000c3300000, 0x00000000c33fffd8, 0x00000000c3400000| 99%| O|  |TAMS 0x00000000c33fffd8, 0x00000000c3300000| Untracked 
|  52|0x00000000c3400000, 0x00000000c34fffe8, 0x00000000c3500000| 99%| O|  |TAMS 0x00000000c34fffe8, 0x00000000c3400000| Untracked 
|  53|0x00000000c3500000, 0x00000000c35ffa60, 0x00000000c3600000| 99%| O|  |TAMS 0x00000000c35ffa60, 0x00000000c3500000| Untracked 
|  54|0x00000000c3600000, 0x00000000c36ffff0, 0x00000000c3700000| 99%| O|  |TAMS 0x00000000c36ffff0, 0x00000000c3600000| Untracked 
|  55|0x00000000c3700000, 0x00000000c3800000, 0x00000000c3800000|100%| O|  |TAMS 0x00000000c3800000, 0x00000000c3700000| Untracked 
|  56|0x00000000c3800000, 0x00000000c3900000, 0x00000000c3900000|100%| O|  |TAMS 0x00000000c3900000, 0x00000000c3800000| Untracked 
|  57|0x00000000c3900000, 0x00000000c39fffe8, 0x00000000c3a00000| 99%| O|  |TAMS 0x00000000c39fffe8, 0x00000000c3900000| Untracked 
|  58|0x00000000c3a00000, 0x00000000c3b00000, 0x00000000c3b00000|100%| O|  |TAMS 0x00000000c3b00000, 0x00000000c3a00000| Untracked 
|  59|0x00000000c3b00000, 0x00000000c3bffff0, 0x00000000c3c00000| 99%| O|  |TAMS 0x00000000c3bffff0, 0x00000000c3b00000| Untracked 
|  60|0x00000000c3c00000, 0x00000000c3cfffc8, 0x00000000c3d00000| 99%| O|  |TAMS 0x00000000c3cfffc8, 0x00000000c3c00000| Untracked 
|  61|0x00000000c3d00000, 0x00000000c3dffff0, 0x00000000c3e00000| 99%| O|  |TAMS 0x00000000c3dffff0, 0x00000000c3d00000| Untracked 
|  62|0x00000000c3e00000, 0x00000000c3eef5c0, 0x00000000c3f00000| 93%| O|  |TAMS 0x00000000c3e00000, 0x00000000c3e00000| Untracked 
|  63|0x00000000c3f00000, 0x00000000c3fffff0, 0x00000000c4000000| 99%| O|  |TAMS 0x00000000c3fffff0, 0x00000000c3f00000| Untracked 
|  64|0x00000000c4000000, 0x00000000c40fffe8, 0x00000000c4100000| 99%| O|  |TAMS 0x00000000c40fffe8, 0x00000000c4000000| Untracked 
|  65|0x00000000c4100000, 0x00000000c41ffff8, 0x00000000c4200000| 99%| O|  |TAMS 0x00000000c41ffff8, 0x00000000c4100000| Untracked 
|  66|0x00000000c4200000, 0x00000000c4300000, 0x00000000c4300000|100%| O|  |TAMS 0x00000000c4300000, 0x00000000c4200000| Untracked 
|  67|0x00000000c4300000, 0x00000000c43fbcb8, 0x00000000c4400000| 98%| O|  |TAMS 0x00000000c43fbcb8, 0x00000000c4300000| Untracked 
|  68|0x00000000c4400000, 0x00000000c440c748, 0x00000000c4500000|  4%| O|  |TAMS 0x00000000c4400000, 0x00000000c4400000| Untracked 
|  69|0x00000000c4500000, 0x00000000c45ffff8, 0x00000000c4600000| 99%| O|  |TAMS 0x00000000c45ffff8, 0x00000000c4500000| Untracked 
|  70|0x00000000c4600000, 0x00000000c46ffff0, 0x00000000c4700000| 99%| O|  |TAMS 0x00000000c46ffff0, 0x00000000c4600000| Untracked 
|  71|0x00000000c4700000, 0x00000000c47ffff8, 0x00000000c4800000| 99%| O|  |TAMS 0x00000000c47ffff8, 0x00000000c4700000| Untracked 
|  72|0x00000000c4800000, 0x00000000c4800000, 0x00000000c4900000|  0%| F|  |TAMS 0x00000000c4800000, 0x00000000c4800000| Untracked 
|  73|0x00000000c4900000, 0x00000000c4900000, 0x00000000c4a00000|  0%| F|  |TAMS 0x00000000c4900000, 0x00000000c4900000| Untracked 
|  74|0x00000000c4a00000, 0x00000000c4a00000, 0x00000000c4b00000|  0%| F|  |TAMS 0x00000000c4a00000, 0x00000000c4a00000| Untracked 
|  75|0x00000000c4b00000, 0x00000000c4b00000, 0x00000000c4c00000|  0%| F|  |TAMS 0x00000000c4b00000, 0x00000000c4b00000| Untracked 
|  76|0x00000000c4c00000, 0x00000000c4cfffa0, 0x00000000c4d00000| 99%| O|  |TAMS 0x00000000c4cfffa0, 0x00000000c4c00000| Untracked 
|  77|0x00000000c4d00000, 0x00000000c4d00000, 0x00000000c4e00000|  0%| F|  |TAMS 0x00000000c4d00000, 0x00000000c4d00000| Untracked 
|  78|0x00000000c4e00000, 0x00000000c4efffd8, 0x00000000c4f00000| 99%| O|  |TAMS 0x00000000c4efffd8, 0x00000000c4e00000| Untracked 
|  79|0x00000000c4f00000, 0x00000000c4f00000, 0x00000000c5000000|  0%| F|  |TAMS 0x00000000c4f00000, 0x00000000c4f00000| Untracked 
|  80|0x00000000c5000000, 0x00000000c50ffff0, 0x00000000c5100000| 99%| O|  |TAMS 0x00000000c50ffff0, 0x00000000c5000000| Untracked 
|  81|0x00000000c5100000, 0x00000000c5100000, 0x00000000c5200000|  0%| F|  |TAMS 0x00000000c5100000, 0x00000000c5100000| Untracked 
|  82|0x00000000c5200000, 0x00000000c5300000, 0x00000000c5300000|100%| O|  |TAMS 0x00000000c5300000, 0x00000000c5200000| Untracked 
|  83|0x00000000c5300000, 0x00000000c5300000, 0x00000000c5400000|  0%| F|  |TAMS 0x00000000c5300000, 0x00000000c5300000| Untracked 
|  84|0x00000000c5400000, 0x00000000c5400000, 0x00000000c5500000|  0%| F|  |TAMS 0x00000000c5400000, 0x00000000c5400000| Untracked 
|  85|0x00000000c5500000, 0x00000000c5500000, 0x00000000c5600000|  0%| F|  |TAMS 0x00000000c5500000, 0x00000000c5500000| Untracked 
|  86|0x00000000c5600000, 0x00000000c5600000, 0x00000000c5700000|  0%| F|  |TAMS 0x00000000c5600000, 0x00000000c5600000| Untracked 
|  87|0x00000000c5700000, 0x00000000c5700000, 0x00000000c5800000|  0%| F|  |TAMS 0x00000000c5700000, 0x00000000c5700000| Untracked 
|  88|0x00000000c5800000, 0x00000000c5800000, 0x00000000c5900000|  0%| F|  |TAMS 0x00000000c5800000, 0x00000000c5800000| Untracked 
|  89|0x00000000c5900000, 0x00000000c5900000, 0x00000000c5a00000|  0%| F|  |TAMS 0x00000000c5900000, 0x00000000c5900000| Untracked 
|  90|0x00000000c5a00000, 0x00000000c5a00000, 0x00000000c5b00000|  0%| F|  |TAMS 0x00000000c5a00000, 0x00000000c5a00000| Untracked 
|  91|0x00000000c5b00000, 0x00000000c5b00000, 0x00000000c5c00000|  0%| F|  |TAMS 0x00000000c5b00000, 0x00000000c5b00000| Untracked 
|  92|0x00000000c5c00000, 0x00000000c5c00000, 0x00000000c5d00000|  0%| F|  |TAMS 0x00000000c5c00000, 0x00000000c5c00000| Untracked 
|  93|0x00000000c5d00000, 0x00000000c5d00000, 0x00000000c5e00000|  0%| F|  |TAMS 0x00000000c5d00000, 0x00000000c5d00000| Untracked 
|  94|0x00000000c5e00000, 0x00000000c5e00000, 0x00000000c5f00000|  0%| F|  |TAMS 0x00000000c5e00000, 0x00000000c5e00000| Untracked 
|  95|0x00000000c5f00000, 0x00000000c5f00000, 0x00000000c6000000|  0%| F|  |TAMS 0x00000000c5f00000, 0x00000000c5f00000| Untracked 
|  96|0x00000000c6000000, 0x00000000c6000000, 0x00000000c6100000|  0%| F|  |TAMS 0x00000000c6000000, 0x00000000c6000000| Untracked 
|  97|0x00000000c6100000, 0x00000000c6100000, 0x00000000c6200000|  0%| F|  |TAMS 0x00000000c6100000, 0x00000000c6100000| Untracked 
|  98|0x00000000c6200000, 0x00000000c6200000, 0x00000000c6300000|  0%| F|  |TAMS 0x00000000c6200000, 0x00000000c6200000| Untracked 
|  99|0x00000000c6300000, 0x00000000c6300000, 0x00000000c6400000|  0%| F|  |TAMS 0x00000000c6300000, 0x00000000c6300000| Untracked 
| 100|0x00000000c6400000, 0x00000000c6400000, 0x00000000c6500000|  0%| F|  |TAMS 0x00000000c6400000, 0x00000000c6400000| Untracked 
| 101|0x00000000c6500000, 0x00000000c6500000, 0x00000000c6600000|  0%| F|  |TAMS 0x00000000c6500000, 0x00000000c6500000| Untracked 
| 102|0x00000000c6600000, 0x00000000c6600000, 0x00000000c6700000|  0%| F|  |TAMS 0x00000000c6600000, 0x00000000c6600000| Untracked 
| 103|0x00000000c6700000, 0x00000000c6700000, 0x00000000c6800000|  0%| F|  |TAMS 0x00000000c6700000, 0x00000000c6700000| Untracked 
| 104|0x00000000c6800000, 0x00000000c6800000, 0x00000000c6900000|  0%| F|  |TAMS 0x00000000c6800000, 0x00000000c6800000| Untracked 
| 105|0x00000000c6900000, 0x00000000c6900000, 0x00000000c6a00000|  0%| F|  |TAMS 0x00000000c6900000, 0x00000000c6900000| Untracked 
| 106|0x00000000c6a00000, 0x00000000c6a00000, 0x00000000c6b00000|  0%| F|  |TAMS 0x00000000c6a00000, 0x00000000c6a00000| Untracked 
| 107|0x00000000c6b00000, 0x00000000c6b00000, 0x00000000c6c00000|  0%| F|  |TAMS 0x00000000c6b00000, 0x00000000c6b00000| Untracked 
| 108|0x00000000c6c00000, 0x00000000c6c00000, 0x00000000c6d00000|  0%| F|  |TAMS 0x00000000c6c00000, 0x00000000c6c00000| Untracked 
| 109|0x00000000c6d00000, 0x00000000c6d00000, 0x00000000c6e00000|  0%| F|  |TAMS 0x00000000c6d00000, 0x00000000c6d00000| Untracked 
| 110|0x00000000c6e00000, 0x00000000c6e00000, 0x00000000c6f00000|  0%| F|  |TAMS 0x00000000c6e00000, 0x00000000c6e00000| Untracked 
| 111|0x00000000c6f00000, 0x00000000c6f00000, 0x00000000c7000000|  0%| F|  |TAMS 0x00000000c6f00000, 0x00000000c6f00000| Untracked 
| 112|0x00000000c7000000, 0x00000000c7000000, 0x00000000c7100000|  0%| F|  |TAMS 0x00000000c7000000, 0x00000000c7000000| Untracked 
| 113|0x00000000c7100000, 0x00000000c7100000, 0x00000000c7200000|  0%| F|  |TAMS 0x00000000c7100000, 0x00000000c7100000| Untracked 
| 114|0x00000000c7200000, 0x00000000c7200000, 0x00000000c7300000|  0%| F|  |TAMS 0x00000000c7200000, 0x00000000c7200000| Untracked 
| 115|0x00000000c7300000, 0x00000000c7300000, 0x00000000c7400000|  0%| F|  |TAMS 0x00000000c7300000, 0x00000000c7300000| Untracked 
| 116|0x00000000c7400000, 0x00000000c7400000, 0x00000000c7500000|  0%| F|  |TAMS 0x00000000c7400000, 0x00000000c7400000| Untracked 
| 117|0x00000000c7500000, 0x00000000c7500000, 0x00000000c7600000|  0%| F|  |TAMS 0x00000000c7500000, 0x00000000c7500000| Untracked 
| 118|0x00000000c7600000, 0x00000000c7600000, 0x00000000c7700000|  0%| F|  |TAMS 0x00000000c7600000, 0x00000000c7600000| Untracked 
| 119|0x00000000c7700000, 0x00000000c7700000, 0x00000000c7800000|  0%| F|  |TAMS 0x00000000c7700000, 0x00000000c7700000| Untracked 
| 120|0x00000000c7800000, 0x00000000c7800000, 0x00000000c7900000|  0%| F|  |TAMS 0x00000000c7800000, 0x00000000c7800000| Untracked 
| 121|0x00000000c7900000, 0x00000000c7900000, 0x00000000c7a00000|  0%| F|  |TAMS 0x00000000c7900000, 0x00000000c7900000| Untracked 
| 122|0x00000000c7a00000, 0x00000000c7a00000, 0x00000000c7b00000|  0%| F|  |TAMS 0x00000000c7a00000, 0x00000000c7a00000| Untracked 
| 123|0x00000000c7b00000, 0x00000000c7b00000, 0x00000000c7c00000|  0%| F|  |TAMS 0x00000000c7b00000, 0x00000000c7b00000| Untracked 
| 124|0x00000000c7c00000, 0x00000000c7c00000, 0x00000000c7d00000|  0%| F|  |TAMS 0x00000000c7c00000, 0x00000000c7c00000| Untracked 
| 125|0x00000000c7d00000, 0x00000000c7d00000, 0x00000000c7e00000|  0%| F|  |TAMS 0x00000000c7d00000, 0x00000000c7d00000| Untracked 
| 126|0x00000000c7e00000, 0x00000000c7e00000, 0x00000000c7f00000|  0%| F|  |TAMS 0x00000000c7e00000, 0x00000000c7e00000| Untracked 
| 127|0x00000000c7f00000, 0x00000000c7f00000, 0x00000000c8000000|  0%| F|  |TAMS 0x00000000c7f00000, 0x00000000c7f00000| Untracked 
| 128|0x00000000c8000000, 0x00000000c8000000, 0x00000000c8100000|  0%| F|  |TAMS 0x00000000c8000000, 0x00000000c8000000| Untracked 
| 129|0x00000000c8100000, 0x00000000c8100000, 0x00000000c8200000|  0%| F|  |TAMS 0x00000000c8100000, 0x00000000c8100000| Untracked 
| 130|0x00000000c8200000, 0x00000000c8200000, 0x00000000c8300000|  0%| F|  |TAMS 0x00000000c8200000, 0x00000000c8200000| Untracked 
| 131|0x00000000c8300000, 0x00000000c8300000, 0x00000000c8400000|  0%| F|  |TAMS 0x00000000c8300000, 0x00000000c8300000| Untracked 
| 132|0x00000000c8400000, 0x00000000c8400000, 0x00000000c8500000|  0%| F|  |TAMS 0x00000000c8400000, 0x00000000c8400000| Untracked 
| 133|0x00000000c8500000, 0x00000000c8500000, 0x00000000c8600000|  0%| F|  |TAMS 0x00000000c8500000, 0x00000000c8500000| Untracked 
| 134|0x00000000c8600000, 0x00000000c8600000, 0x00000000c8700000|  0%| F|  |TAMS 0x00000000c8600000, 0x00000000c8600000| Untracked 
| 135|0x00000000c8700000, 0x00000000c8800000, 0x00000000c8800000|100%| O|  |TAMS 0x00000000c8800000, 0x00000000c8700000| Untracked 
| 136|0x00000000c8800000, 0x00000000c8800000, 0x00000000c8900000|  0%| F|  |TAMS 0x00000000c8800000, 0x00000000c8800000| Untracked 
| 137|0x00000000c8900000, 0x00000000c8900000, 0x00000000c8a00000|  0%| F|  |TAMS 0x00000000c8900000, 0x00000000c8900000| Untracked 
| 138|0x00000000c8a00000, 0x00000000c8a00000, 0x00000000c8b00000|  0%| F|  |TAMS 0x00000000c8a00000, 0x00000000c8a00000| Untracked 
| 139|0x00000000c8b00000, 0x00000000c8b00000, 0x00000000c8c00000|  0%| F|  |TAMS 0x00000000c8b00000, 0x00000000c8b00000| Untracked 
| 140|0x00000000c8c00000, 0x00000000c8c00000, 0x00000000c8d00000|  0%| F|  |TAMS 0x00000000c8c00000, 0x00000000c8c00000| Untracked 
| 141|0x00000000c8d00000, 0x00000000c8d00000, 0x00000000c8e00000|  0%| F|  |TAMS 0x00000000c8d00000, 0x00000000c8d00000| Untracked 
| 142|0x00000000c8e00000, 0x00000000c8e00000, 0x00000000c8f00000|  0%| F|  |TAMS 0x00000000c8e00000, 0x00000000c8e00000| Untracked 
| 143|0x00000000c8f00000, 0x00000000c8f00000, 0x00000000c9000000|  0%| F|  |TAMS 0x00000000c8f00000, 0x00000000c8f00000| Untracked 
| 144|0x00000000c9000000, 0x00000000c9000000, 0x00000000c9100000|  0%| F|  |TAMS 0x00000000c9000000, 0x00000000c9000000| Untracked 
| 145|0x00000000c9100000, 0x00000000c9100000, 0x00000000c9200000|  0%| F|  |TAMS 0x00000000c9100000, 0x00000000c9100000| Untracked 
| 146|0x00000000c9200000, 0x00000000c9200000, 0x00000000c9300000|  0%| F|  |TAMS 0x00000000c9200000, 0x00000000c9200000| Untracked 
| 147|0x00000000c9300000, 0x00000000c9300000, 0x00000000c9400000|  0%| F|  |TAMS 0x00000000c9300000, 0x00000000c9300000| Untracked 
| 148|0x00000000c9400000, 0x00000000c9400000, 0x00000000c9500000|  0%| F|  |TAMS 0x00000000c9400000, 0x00000000c9400000| Untracked 
| 149|0x00000000c9500000, 0x00000000c9500000, 0x00000000c9600000|  0%| F|  |TAMS 0x00000000c9500000, 0x00000000c9500000| Untracked 
| 150|0x00000000c9600000, 0x00000000c9600000, 0x00000000c9700000|  0%| F|  |TAMS 0x00000000c9600000, 0x00000000c9600000| Untracked 
| 151|0x00000000c9700000, 0x00000000c9700000, 0x00000000c9800000|  0%| F|  |TAMS 0x00000000c9700000, 0x00000000c9700000| Untracked 
| 152|0x00000000c9800000, 0x00000000c9800000, 0x00000000c9900000|  0%| F|  |TAMS 0x00000000c9800000, 0x00000000c9800000| Untracked 
| 153|0x00000000c9900000, 0x00000000c9900000, 0x00000000c9a00000|  0%| F|  |TAMS 0x00000000c9900000, 0x00000000c9900000| Untracked 
| 154|0x00000000c9a00000, 0x00000000c9a00000, 0x00000000c9b00000|  0%| F|  |TAMS 0x00000000c9a00000, 0x00000000c9a00000| Untracked 
| 155|0x00000000c9b00000, 0x00000000c9b00000, 0x00000000c9c00000|  0%| F|  |TAMS 0x00000000c9b00000, 0x00000000c9b00000| Untracked 
| 156|0x00000000c9c00000, 0x00000000c9c00000, 0x00000000c9d00000|  0%| F|  |TAMS 0x00000000c9c00000, 0x00000000c9c00000| Untracked 
| 157|0x00000000c9d00000, 0x00000000c9d00000, 0x00000000c9e00000|  0%| F|  |TAMS 0x00000000c9d00000, 0x00000000c9d00000| Untracked 
| 158|0x00000000c9e00000, 0x00000000c9e00000, 0x00000000c9f00000|  0%| F|  |TAMS 0x00000000c9e00000, 0x00000000c9e00000| Untracked 
| 159|0x00000000c9f00000, 0x00000000c9f00000, 0x00000000ca000000|  0%| F|  |TAMS 0x00000000c9f00000, 0x00000000c9f00000| Untracked 
| 160|0x00000000ca000000, 0x00000000ca000000, 0x00000000ca100000|  0%| F|  |TAMS 0x00000000ca000000, 0x00000000ca000000| Untracked 
| 161|0x00000000ca100000, 0x00000000ca100000, 0x00000000ca200000|  0%| F|  |TAMS 0x00000000ca100000, 0x00000000ca100000| Untracked 
| 162|0x00000000ca200000, 0x00000000ca200000, 0x00000000ca300000|  0%| F|  |TAMS 0x00000000ca200000, 0x00000000ca200000| Untracked 
| 163|0x00000000ca300000, 0x00000000ca300000, 0x00000000ca400000|  0%| F|  |TAMS 0x00000000ca300000, 0x00000000ca300000| Untracked 
| 164|0x00000000ca400000, 0x00000000ca400000, 0x00000000ca500000|  0%| F|  |TAMS 0x00000000ca400000, 0x00000000ca400000| Untracked 
| 165|0x00000000ca500000, 0x00000000ca500000, 0x00000000ca600000|  0%| F|  |TAMS 0x00000000ca500000, 0x00000000ca500000| Untracked 
| 166|0x00000000ca600000, 0x00000000ca600000, 0x00000000ca700000|  0%| F|  |TAMS 0x00000000ca600000, 0x00000000ca600000| Untracked 
| 167|0x00000000ca700000, 0x00000000ca700000, 0x00000000ca800000|  0%| F|  |TAMS 0x00000000ca700000, 0x00000000ca700000| Untracked 
| 168|0x00000000ca800000, 0x00000000ca800000, 0x00000000ca900000|  0%| F|  |TAMS 0x00000000ca800000, 0x00000000ca800000| Untracked 
| 169|0x00000000ca900000, 0x00000000ca900000, 0x00000000caa00000|  0%| F|  |TAMS 0x00000000ca900000, 0x00000000ca900000| Untracked 
| 170|0x00000000caa00000, 0x00000000caa00000, 0x00000000cab00000|  0%| F|  |TAMS 0x00000000caa00000, 0x00000000caa00000| Untracked 
| 171|0x00000000cab00000, 0x00000000cab00000, 0x00000000cac00000|  0%| F|  |TAMS 0x00000000cab00000, 0x00000000cab00000| Untracked 
| 172|0x00000000cac00000, 0x00000000cac00000, 0x00000000cad00000|  0%| F|  |TAMS 0x00000000cac00000, 0x00000000cac00000| Untracked 
| 173|0x00000000cad00000, 0x00000000cad00000, 0x00000000cae00000|  0%| F|  |TAMS 0x00000000cad00000, 0x00000000cad00000| Untracked 
| 174|0x00000000cae00000, 0x00000000cae00000, 0x00000000caf00000|  0%| F|  |TAMS 0x00000000cae00000, 0x00000000cae00000| Untracked 
| 175|0x00000000caf00000, 0x00000000caf00000, 0x00000000cb000000|  0%| F|  |TAMS 0x00000000caf00000, 0x00000000caf00000| Untracked 
| 176|0x00000000cb000000, 0x00000000cb000000, 0x00000000cb100000|  0%| F|  |TAMS 0x00000000cb000000, 0x00000000cb000000| Untracked 
| 177|0x00000000cb100000, 0x00000000cb100000, 0x00000000cb200000|  0%| F|  |TAMS 0x00000000cb100000, 0x00000000cb100000| Untracked 
| 178|0x00000000cb200000, 0x00000000cb200000, 0x00000000cb300000|  0%| F|  |TAMS 0x00000000cb200000, 0x00000000cb200000| Untracked 
| 179|0x00000000cb300000, 0x00000000cb300000, 0x00000000cb400000|  0%| F|  |TAMS 0x00000000cb300000, 0x00000000cb300000| Untracked 
| 180|0x00000000cb400000, 0x00000000cb400000, 0x00000000cb500000|  0%| F|  |TAMS 0x00000000cb400000, 0x00000000cb400000| Untracked 
| 181|0x00000000cb500000, 0x00000000cb500000, 0x00000000cb600000|  0%| F|  |TAMS 0x00000000cb500000, 0x00000000cb500000| Untracked 
| 182|0x00000000cb600000, 0x00000000cb600000, 0x00000000cb700000|  0%| F|  |TAMS 0x00000000cb600000, 0x00000000cb600000| Untracked 
| 183|0x00000000cb700000, 0x00000000cb700000, 0x00000000cb800000|  0%| F|  |TAMS 0x00000000cb700000, 0x00000000cb700000| Untracked 
| 184|0x00000000cb800000, 0x00000000cb800000, 0x00000000cb900000|  0%| F|  |TAMS 0x00000000cb800000, 0x00000000cb800000| Untracked 
| 185|0x00000000cb900000, 0x00000000cb900000, 0x00000000cba00000|  0%| F|  |TAMS 0x00000000cb900000, 0x00000000cb900000| Untracked 
| 186|0x00000000cba00000, 0x00000000cba00000, 0x00000000cbb00000|  0%| F|  |TAMS 0x00000000cba00000, 0x00000000cba00000| Untracked 
| 187|0x00000000cbb00000, 0x00000000cbb00000, 0x00000000cbc00000|  0%| F|  |TAMS 0x00000000cbb00000, 0x00000000cbb00000| Untracked 
| 188|0x00000000cbc00000, 0x00000000cbc00000, 0x00000000cbd00000|  0%| F|  |TAMS 0x00000000cbc00000, 0x00000000cbc00000| Untracked 
| 189|0x00000000cbd00000, 0x00000000cbd00000, 0x00000000cbe00000|  0%| F|  |TAMS 0x00000000cbd00000, 0x00000000cbd00000| Untracked 
| 190|0x00000000cbe00000, 0x00000000cbe00000, 0x00000000cbf00000|  0%| F|  |TAMS 0x00000000cbe00000, 0x00000000cbe00000| Untracked 
| 191|0x00000000cbf00000, 0x00000000cbf00000, 0x00000000cc000000|  0%| F|  |TAMS 0x00000000cbf00000, 0x00000000cbf00000| Untracked 
| 192|0x00000000cc000000, 0x00000000cc000000, 0x00000000cc100000|  0%| F|  |TAMS 0x00000000cc000000, 0x00000000cc000000| Untracked 
| 193|0x00000000cc100000, 0x00000000cc100000, 0x00000000cc200000|  0%| F|  |TAMS 0x00000000cc100000, 0x00000000cc100000| Untracked 
| 194|0x00000000cc200000, 0x00000000cc200000, 0x00000000cc300000|  0%| F|  |TAMS 0x00000000cc200000, 0x00000000cc200000| Untracked 
| 195|0x00000000cc300000, 0x00000000cc300000, 0x00000000cc400000|  0%| F|  |TAMS 0x00000000cc300000, 0x00000000cc300000| Untracked 
| 196|0x00000000cc400000, 0x00000000cc400000, 0x00000000cc500000|  0%| F|  |TAMS 0x00000000cc400000, 0x00000000cc400000| Untracked 
| 197|0x00000000cc500000, 0x00000000cc500000, 0x00000000cc600000|  0%| F|  |TAMS 0x00000000cc500000, 0x00000000cc500000| Untracked 
| 198|0x00000000cc600000, 0x00000000cc600000, 0x00000000cc700000|  0%| F|  |TAMS 0x00000000cc600000, 0x00000000cc600000| Untracked 
| 199|0x00000000cc700000, 0x00000000cc700000, 0x00000000cc800000|  0%| F|  |TAMS 0x00000000cc700000, 0x00000000cc700000| Untracked 
| 200|0x00000000cc800000, 0x00000000cc800000, 0x00000000cc900000|  0%| F|  |TAMS 0x00000000cc800000, 0x00000000cc800000| Untracked 
| 201|0x00000000cc900000, 0x00000000cc900000, 0x00000000cca00000|  0%| F|  |TAMS 0x00000000cc900000, 0x00000000cc900000| Untracked 
| 202|0x00000000cca00000, 0x00000000cca00000, 0x00000000ccb00000|  0%| F|  |TAMS 0x00000000cca00000, 0x00000000cca00000| Untracked 
| 203|0x00000000ccb00000, 0x00000000ccb00000, 0x00000000ccc00000|  0%| F|  |TAMS 0x00000000ccb00000, 0x00000000ccb00000| Untracked 
| 204|0x00000000ccc00000, 0x00000000ccc00000, 0x00000000ccd00000|  0%| F|  |TAMS 0x00000000ccc00000, 0x00000000ccc00000| Untracked 
| 205|0x00000000ccd00000, 0x00000000ccd00000, 0x00000000cce00000|  0%| F|  |TAMS 0x00000000ccd00000, 0x00000000ccd00000| Untracked 
| 206|0x00000000cce00000, 0x00000000cce00000, 0x00000000ccf00000|  0%| F|  |TAMS 0x00000000cce00000, 0x00000000cce00000| Untracked 
| 207|0x00000000ccf00000, 0x00000000ccf00000, 0x00000000cd000000|  0%| F|  |TAMS 0x00000000ccf00000, 0x00000000ccf00000| Untracked 
| 208|0x00000000cd000000, 0x00000000cd000000, 0x00000000cd100000|  0%| F|  |TAMS 0x00000000cd000000, 0x00000000cd000000| Untracked 
| 209|0x00000000cd100000, 0x00000000cd100000, 0x00000000cd200000|  0%| F|  |TAMS 0x00000000cd100000, 0x00000000cd100000| Untracked 
| 210|0x00000000cd200000, 0x00000000cd200000, 0x00000000cd300000|  0%| F|  |TAMS 0x00000000cd200000, 0x00000000cd200000| Untracked 
| 211|0x00000000cd300000, 0x00000000cd300000, 0x00000000cd400000|  0%| F|  |TAMS 0x00000000cd300000, 0x00000000cd300000| Untracked 
| 212|0x00000000cd400000, 0x00000000cd400000, 0x00000000cd500000|  0%| F|  |TAMS 0x00000000cd400000, 0x00000000cd400000| Untracked 
| 213|0x00000000cd500000, 0x00000000cd500000, 0x00000000cd600000|  0%| F|  |TAMS 0x00000000cd500000, 0x00000000cd500000| Untracked 
| 214|0x00000000cd600000, 0x00000000cd600000, 0x00000000cd700000|  0%| F|  |TAMS 0x00000000cd600000, 0x00000000cd600000| Untracked 
| 215|0x00000000cd700000, 0x00000000cd700000, 0x00000000cd800000|  0%| F|  |TAMS 0x00000000cd700000, 0x00000000cd700000| Untracked 
| 216|0x00000000cd800000, 0x00000000cd800000, 0x00000000cd900000|  0%| F|  |TAMS 0x00000000cd800000, 0x00000000cd800000| Untracked 
| 217|0x00000000cd900000, 0x00000000cd900000, 0x00000000cda00000|  0%| F|  |TAMS 0x00000000cd900000, 0x00000000cd900000| Untracked 
| 218|0x00000000cda00000, 0x00000000cda00000, 0x00000000cdb00000|  0%| F|  |TAMS 0x00000000cda00000, 0x00000000cda00000| Untracked 
| 219|0x00000000cdb00000, 0x00000000cdb00000, 0x00000000cdc00000|  0%| F|  |TAMS 0x00000000cdb00000, 0x00000000cdb00000| Untracked 
| 220|0x00000000cdc00000, 0x00000000cdc00000, 0x00000000cdd00000|  0%| F|  |TAMS 0x00000000cdc00000, 0x00000000cdc00000| Untracked 
| 221|0x00000000cdd00000, 0x00000000cdd00000, 0x00000000cde00000|  0%| F|  |TAMS 0x00000000cdd00000, 0x00000000cdd00000| Untracked 
| 222|0x00000000cde00000, 0x00000000cde00000, 0x00000000cdf00000|  0%| F|  |TAMS 0x00000000cde00000, 0x00000000cde00000| Untracked 
| 223|0x00000000cdf00000, 0x00000000cdf00000, 0x00000000ce000000|  0%| F|  |TAMS 0x00000000cdf00000, 0x00000000cdf00000| Untracked 
| 224|0x00000000ce000000, 0x00000000ce000000, 0x00000000ce100000|  0%| F|  |TAMS 0x00000000ce000000, 0x00000000ce000000| Untracked 
| 225|0x00000000ce100000, 0x00000000ce100000, 0x00000000ce200000|  0%| F|  |TAMS 0x00000000ce100000, 0x00000000ce100000| Untracked 
| 226|0x00000000ce200000, 0x00000000ce200000, 0x00000000ce300000|  0%| F|  |TAMS 0x00000000ce200000, 0x00000000ce200000| Untracked 
| 227|0x00000000ce300000, 0x00000000ce300000, 0x00000000ce400000|  0%| F|  |TAMS 0x00000000ce300000, 0x00000000ce300000| Untracked 
| 228|0x00000000ce400000, 0x00000000ce400000, 0x00000000ce500000|  0%| F|  |TAMS 0x00000000ce400000, 0x00000000ce400000| Untracked 
| 229|0x00000000ce500000, 0x00000000ce500000, 0x00000000ce600000|  0%| F|  |TAMS 0x00000000ce500000, 0x00000000ce500000| Untracked 
| 230|0x00000000ce600000, 0x00000000ce600000, 0x00000000ce700000|  0%| F|  |TAMS 0x00000000ce600000, 0x00000000ce600000| Untracked 
| 231|0x00000000ce700000, 0x00000000ce700000, 0x00000000ce800000|  0%| F|  |TAMS 0x00000000ce700000, 0x00000000ce700000| Untracked 
| 232|0x00000000ce800000, 0x00000000ce800000, 0x00000000ce900000|  0%| F|  |TAMS 0x00000000ce800000, 0x00000000ce800000| Untracked 
| 233|0x00000000ce900000, 0x00000000ce900000, 0x00000000cea00000|  0%| F|  |TAMS 0x00000000ce900000, 0x00000000ce900000| Untracked 
| 234|0x00000000cea00000, 0x00000000cea00000, 0x00000000ceb00000|  0%| F|  |TAMS 0x00000000cea00000, 0x00000000cea00000| Untracked 
| 235|0x00000000ceb00000, 0x00000000ceb00000, 0x00000000cec00000|  0%| F|  |TAMS 0x00000000ceb00000, 0x00000000ceb00000| Untracked 
| 236|0x00000000cec00000, 0x00000000cec00000, 0x00000000ced00000|  0%| F|  |TAMS 0x00000000cec00000, 0x00000000cec00000| Untracked 
| 237|0x00000000ced00000, 0x00000000ced00000, 0x00000000cee00000|  0%| F|  |TAMS 0x00000000ced00000, 0x00000000ced00000| Untracked 
| 238|0x00000000cee00000, 0x00000000cee00000, 0x00000000cef00000|  0%| F|  |TAMS 0x00000000cee00000, 0x00000000cee00000| Untracked 
| 239|0x00000000cef00000, 0x00000000cef00000, 0x00000000cf000000|  0%| F|  |TAMS 0x00000000cef00000, 0x00000000cef00000| Untracked 
| 240|0x00000000cf000000, 0x00000000cf000000, 0x00000000cf100000|  0%| F|  |TAMS 0x00000000cf000000, 0x00000000cf000000| Untracked 
| 241|0x00000000cf100000, 0x00000000cf100000, 0x00000000cf200000|  0%| F|  |TAMS 0x00000000cf100000, 0x00000000cf100000| Untracked 
| 242|0x00000000cf200000, 0x00000000cf200000, 0x00000000cf300000|  0%| F|  |TAMS 0x00000000cf200000, 0x00000000cf200000| Untracked 
| 243|0x00000000cf300000, 0x00000000cf300000, 0x00000000cf400000|  0%| F|  |TAMS 0x00000000cf300000, 0x00000000cf300000| Untracked 
| 244|0x00000000cf400000, 0x00000000cf400000, 0x00000000cf500000|  0%| F|  |TAMS 0x00000000cf400000, 0x00000000cf400000| Untracked 
| 245|0x00000000cf500000, 0x00000000cf500000, 0x00000000cf600000|  0%| F|  |TAMS 0x00000000cf500000, 0x00000000cf500000| Untracked 
| 246|0x00000000cf600000, 0x00000000cf600000, 0x00000000cf700000|  0%| F|  |TAMS 0x00000000cf600000, 0x00000000cf600000| Untracked 
| 247|0x00000000cf700000, 0x00000000cf700000, 0x00000000cf800000|  0%| F|  |TAMS 0x00000000cf700000, 0x00000000cf700000| Untracked 
| 248|0x00000000cf800000, 0x00000000cf800000, 0x00000000cf900000|  0%| F|  |TAMS 0x00000000cf800000, 0x00000000cf800000| Untracked 
| 249|0x00000000cf900000, 0x00000000cf900000, 0x00000000cfa00000|  0%| F|  |TAMS 0x00000000cf900000, 0x00000000cf900000| Untracked 
| 250|0x00000000cfa00000, 0x00000000cfa00000, 0x00000000cfb00000|  0%| F|  |TAMS 0x00000000cfa00000, 0x00000000cfa00000| Untracked 
| 251|0x00000000cfb00000, 0x00000000cfb00000, 0x00000000cfc00000|  0%| F|  |TAMS 0x00000000cfb00000, 0x00000000cfb00000| Untracked 
| 252|0x00000000cfc00000, 0x00000000cfc00000, 0x00000000cfd00000|  0%| F|  |TAMS 0x00000000cfc00000, 0x00000000cfc00000| Untracked 
| 253|0x00000000cfd00000, 0x00000000cfd00000, 0x00000000cfe00000|  0%| F|  |TAMS 0x00000000cfd00000, 0x00000000cfd00000| Untracked 
| 254|0x00000000cfe00000, 0x00000000cfe00000, 0x00000000cff00000|  0%| F|  |TAMS 0x00000000cfe00000, 0x00000000cfe00000| Untracked 
| 255|0x00000000cff00000, 0x00000000cff00000, 0x00000000d0000000|  0%| F|  |TAMS 0x00000000cff00000, 0x00000000cff00000| Untracked 
| 256|0x00000000d0000000, 0x00000000d0000000, 0x00000000d0100000|  0%| F|  |TAMS 0x00000000d0000000, 0x00000000d0000000| Untracked 
| 257|0x00000000d0100000, 0x00000000d0100000, 0x00000000d0200000|  0%| F|  |TAMS 0x00000000d0100000, 0x00000000d0100000| Untracked 
| 258|0x00000000d0200000, 0x00000000d0200000, 0x00000000d0300000|  0%| F|  |TAMS 0x00000000d0200000, 0x00000000d0200000| Untracked 
| 259|0x00000000d0300000, 0x00000000d0300000, 0x00000000d0400000|  0%| F|  |TAMS 0x00000000d0300000, 0x00000000d0300000| Untracked 
| 260|0x00000000d0400000, 0x00000000d0400000, 0x00000000d0500000|  0%| F|  |TAMS 0x00000000d0400000, 0x00000000d0400000| Untracked 
| 261|0x00000000d0500000, 0x00000000d0500000, 0x00000000d0600000|  0%| F|  |TAMS 0x00000000d0500000, 0x00000000d0500000| Untracked 
| 262|0x00000000d0600000, 0x00000000d0600000, 0x00000000d0700000|  0%| F|  |TAMS 0x00000000d0600000, 0x00000000d0600000| Untracked 
| 263|0x00000000d0700000, 0x00000000d0700000, 0x00000000d0800000|  0%| F|  |TAMS 0x00000000d0700000, 0x00000000d0700000| Untracked 
| 264|0x00000000d0800000, 0x00000000d0900000, 0x00000000d0900000|100%|HS|  |TAMS 0x00000000d0900000, 0x00000000d0800000| Untracked 
| 265|0x00000000d0900000, 0x00000000d0a00000, 0x00000000d0a00000|100%|HC|  |TAMS 0x00000000d0a00000, 0x00000000d0900000| Untracked 
| 266|0x00000000d0a00000, 0x00000000d0b00000, 0x00000000d0b00000|100%|HS|  |TAMS 0x00000000d0b00000, 0x00000000d0a00000| Untracked 
| 267|0x00000000d0b00000, 0x00000000d0b00000, 0x00000000d0c00000|  0%| F|  |TAMS 0x00000000d0b00000, 0x00000000d0b00000| Untracked 
| 268|0x00000000d0c00000, 0x00000000d0c00000, 0x00000000d0d00000|  0%| F|  |TAMS 0x00000000d0c00000, 0x00000000d0c00000| Untracked 
| 269|0x00000000d0d00000, 0x00000000d0d00000, 0x00000000d0e00000|  0%| F|  |TAMS 0x00000000d0d00000, 0x00000000d0d00000| Untracked 
| 270|0x00000000d0e00000, 0x00000000d0f00000, 0x00000000d0f00000|100%|HS|  |TAMS 0x00000000d0f00000, 0x00000000d0e00000| Untracked 
| 271|0x00000000d0f00000, 0x00000000d1000000, 0x00000000d1000000|100%|HC|  |TAMS 0x00000000d1000000, 0x00000000d0f00000| Untracked 
| 272|0x00000000d1000000, 0x00000000d1100000, 0x00000000d1100000|100%|HS|  |TAMS 0x00000000d1100000, 0x00000000d1000000| Untracked 
| 273|0x00000000d1100000, 0x00000000d1100000, 0x00000000d1200000|  0%| F|  |TAMS 0x00000000d1100000, 0x00000000d1100000| Untracked 
| 274|0x00000000d1200000, 0x00000000d1300000, 0x00000000d1300000|100%| O|  |TAMS 0x00000000d1300000, 0x00000000d1200000| Untracked 
| 275|0x00000000d1300000, 0x00000000d1300000, 0x00000000d1400000|  0%| F|  |TAMS 0x00000000d1300000, 0x00000000d1300000| Untracked 
| 276|0x00000000d1400000, 0x00000000d1400000, 0x00000000d1500000|  0%| F|  |TAMS 0x00000000d1400000, 0x00000000d1400000| Untracked 
| 277|0x00000000d1500000, 0x00000000d1500000, 0x00000000d1600000|  0%| F|  |TAMS 0x00000000d1500000, 0x00000000d1500000| Untracked 
| 278|0x00000000d1600000, 0x00000000d1600000, 0x00000000d1700000|  0%| F|  |TAMS 0x00000000d1600000, 0x00000000d1600000| Untracked 
| 279|0x00000000d1700000, 0x00000000d1700000, 0x00000000d1800000|  0%| F|  |TAMS 0x00000000d1700000, 0x00000000d1700000| Untracked 
| 280|0x00000000d1800000, 0x00000000d1800000, 0x00000000d1900000|  0%| F|  |TAMS 0x00000000d1800000, 0x00000000d1800000| Untracked 
| 281|0x00000000d1900000, 0x00000000d1900000, 0x00000000d1a00000|  0%| F|  |TAMS 0x00000000d1900000, 0x00000000d1900000| Untracked 
| 282|0x00000000d1a00000, 0x00000000d1a00000, 0x00000000d1b00000|  0%| F|  |TAMS 0x00000000d1a00000, 0x00000000d1a00000| Untracked 
| 283|0x00000000d1b00000, 0x00000000d1b00000, 0x00000000d1c00000|  0%| F|  |TAMS 0x00000000d1b00000, 0x00000000d1b00000| Untracked 
| 284|0x00000000d1c00000, 0x00000000d1c00000, 0x00000000d1d00000|  0%| F|  |TAMS 0x00000000d1c00000, 0x00000000d1c00000| Untracked 
| 285|0x00000000d1d00000, 0x00000000d1d00000, 0x00000000d1e00000|  0%| F|  |TAMS 0x00000000d1d00000, 0x00000000d1d00000| Untracked 
| 286|0x00000000d1e00000, 0x00000000d1e00000, 0x00000000d1f00000|  0%| F|  |TAMS 0x00000000d1e00000, 0x00000000d1e00000| Untracked 
| 287|0x00000000d1f00000, 0x00000000d1f00000, 0x00000000d2000000|  0%| F|  |TAMS 0x00000000d1f00000, 0x00000000d1f00000| Untracked 
| 288|0x00000000d2000000, 0x00000000d2000000, 0x00000000d2100000|  0%| F|  |TAMS 0x00000000d2000000, 0x00000000d2000000| Untracked 
| 289|0x00000000d2100000, 0x00000000d2100000, 0x00000000d2200000|  0%| F|  |TAMS 0x00000000d2100000, 0x00000000d2100000| Untracked 
| 290|0x00000000d2200000, 0x00000000d2200000, 0x00000000d2300000|  0%| F|  |TAMS 0x00000000d2200000, 0x00000000d2200000| Untracked 
| 291|0x00000000d2300000, 0x00000000d2300000, 0x00000000d2400000|  0%| F|  |TAMS 0x00000000d2300000, 0x00000000d2300000| Untracked 
| 292|0x00000000d2400000, 0x00000000d2400000, 0x00000000d2500000|  0%| F|  |TAMS 0x00000000d2400000, 0x00000000d2400000| Untracked 
| 293|0x00000000d2500000, 0x00000000d2500000, 0x00000000d2600000|  0%| F|  |TAMS 0x00000000d2500000, 0x00000000d2500000| Untracked 
| 294|0x00000000d2600000, 0x00000000d2600000, 0x00000000d2700000|  0%| F|  |TAMS 0x00000000d2600000, 0x00000000d2600000| Untracked 
| 295|0x00000000d2700000, 0x00000000d2700000, 0x00000000d2800000|  0%| F|  |TAMS 0x00000000d2700000, 0x00000000d2700000| Untracked 
| 296|0x00000000d2800000, 0x00000000d2800000, 0x00000000d2900000|  0%| F|  |TAMS 0x00000000d2800000, 0x00000000d2800000| Untracked 
| 297|0x00000000d2900000, 0x00000000d2900000, 0x00000000d2a00000|  0%| F|  |TAMS 0x00000000d2900000, 0x00000000d2900000| Untracked 
| 298|0x00000000d2a00000, 0x00000000d2a00000, 0x00000000d2b00000|  0%| F|  |TAMS 0x00000000d2a00000, 0x00000000d2a00000| Untracked 
| 299|0x00000000d2b00000, 0x00000000d2b00000, 0x00000000d2c00000|  0%| F|  |TAMS 0x00000000d2b00000, 0x00000000d2b00000| Untracked 
| 300|0x00000000d2c00000, 0x00000000d2c00000, 0x00000000d2d00000|  0%| F|  |TAMS 0x00000000d2c00000, 0x00000000d2c00000| Untracked 
| 301|0x00000000d2d00000, 0x00000000d2d00000, 0x00000000d2e00000|  0%| F|  |TAMS 0x00000000d2d00000, 0x00000000d2d00000| Untracked 
| 302|0x00000000d2e00000, 0x00000000d2e00000, 0x00000000d2f00000|  0%| F|  |TAMS 0x00000000d2e00000, 0x00000000d2e00000| Untracked 
| 303|0x00000000d2f00000, 0x00000000d2f00000, 0x00000000d3000000|  0%| F|  |TAMS 0x00000000d2f00000, 0x00000000d2f00000| Untracked 
| 304|0x00000000d3000000, 0x00000000d3000000, 0x00000000d3100000|  0%| F|  |TAMS 0x00000000d3000000, 0x00000000d3000000| Untracked 
| 305|0x00000000d3100000, 0x00000000d3100000, 0x00000000d3200000|  0%| F|  |TAMS 0x00000000d3100000, 0x00000000d3100000| Untracked 
| 306|0x00000000d3200000, 0x00000000d3200000, 0x00000000d3300000|  0%| F|  |TAMS 0x00000000d3200000, 0x00000000d3200000| Untracked 
| 307|0x00000000d3300000, 0x00000000d33060d0, 0x00000000d3400000|  2%| E|  |TAMS 0x00000000d3300000, 0x00000000d3300000| Complete 
| 309|0x00000000d3500000, 0x00000000d3600000, 0x00000000d3600000|100%| O|  |TAMS 0x00000000d3600000, 0x00000000d3500000| Untracked 
| 310|0x00000000d3600000, 0x00000000d3700000, 0x00000000d3700000|100%| O|  |TAMS 0x00000000d3700000, 0x00000000d3600000| Untracked 
| 312|0x00000000d3800000, 0x00000000d3900000, 0x00000000d3900000|100%| O|  |TAMS 0x00000000d3900000, 0x00000000d3800000| Untracked 
| 313|0x00000000d3900000, 0x00000000d3a00000, 0x00000000d3a00000|100%| O|  |TAMS 0x00000000d3a00000, 0x00000000d3900000| Untracked 
| 314|0x00000000d3a00000, 0x00000000d3b00000, 0x00000000d3b00000|100%| O|  |TAMS 0x00000000d3b00000, 0x00000000d3a00000| Untracked 
| 315|0x00000000d3b00000, 0x00000000d3c00000, 0x00000000d3c00000|100%| O|  |TAMS 0x00000000d3c00000, 0x00000000d3b00000| Untracked 
| 317|0x00000000d3d00000, 0x00000000d3e00000, 0x00000000d3e00000|100%| O|  |TAMS 0x00000000d3e00000, 0x00000000d3d00000| Untracked 
| 318|0x00000000d3e00000, 0x00000000d3f00000, 0x00000000d3f00000|100%| O|  |TAMS 0x00000000d3f00000, 0x00000000d3e00000| Untracked 
| 319|0x00000000d3f00000, 0x00000000d4000000, 0x00000000d4000000|100%| O|  |TAMS 0x00000000d4000000, 0x00000000d3f00000| Untracked 
| 378|0x00000000d7a00000, 0x00000000d7b00000, 0x00000000d7b00000|100%|HS|  |TAMS 0x00000000d7b00000, 0x00000000d7a00000| Untracked 
| 379|0x00000000d7b00000, 0x00000000d7c00000, 0x00000000d7c00000|100%|HC|  |TAMS 0x00000000d7c00000, 0x00000000d7b00000| Untracked 
| 380|0x00000000d7c00000, 0x00000000d7d00000, 0x00000000d7d00000|100%|HC|  |TAMS 0x00000000d7d00000, 0x00000000d7c00000| Untracked 

Card table byte_map: [0x0000028e6cb10000,0x0000028e6cd10000] _byte_map_base: 0x0000028e6c510000

Marking Bits (Prev, Next): (CMBitMap*) 0x0000028e66f11840, (CMBitMap*) 0x0000028e66f11800
 Prev Bits: [0x0000028e6df10000, 0x0000028e6ef10000)
 Next Bits: [0x0000028e6cf10000, 0x0000028e6df10000)

Polling page: 0x0000028e66650000

Metaspace:

Usage:
  Non-class:     62.80 MB used.
      Class:      9.95 MB used.
       Both:     72.75 MB used.

Virtual space:
  Non-class space:       64.00 MB reserved,      63.06 MB ( 99%) committed,  1 nodes.
      Class space:        1.00 GB reserved,      10.19 MB ( <1%) committed,  1 nodes.
             Both:        1.06 GB reserved,      73.25 MB (  7%) committed. 

Chunk freelists:
   Non-Class:  299.00 KB
       Class:  5.66 MB
        Both:  5.95 MB

MaxMetaspaceSize: unlimited
CompressedClassSpaceSize: 1.00 GB
Initial GC threshold: 21.00 MB
Current GC threshold: 122.00 MB
CDS: off
MetaspaceReclaimPolicy: balanced
 - commit_granule_bytes: 65536.
 - commit_granule_words: 8192.
 - virtual_space_node_default_size: 8388608.
 - enlarge_chunks_in_place: 1.
 - new_chunks_are_fully_committed: 0.
 - uncommit_free_chunks: 1.
 - use_allocation_guard: 0.
 - handle_deallocations: 1.


Internal statistics:

num_allocs_failed_limit: 8.
num_arena_births: 888.
num_arena_deaths: 310.
num_vsnodes_births: 2.
num_vsnodes_deaths: 0.
num_space_committed: 1172.
num_space_uncommitted: 0.
num_chunks_returned_to_freelist: 414.
num_chunks_taken_from_freelist: 3544.
num_chunk_merges: 137.
num_chunk_splits: 2325.
num_chunks_enlarged: 1682.
num_inconsistent_stats: 0.

CodeCache: size=49152Kb used=23678Kb max_used=24212Kb free=25473Kb
 bounds [0x0000028e69b10000, 0x0000028e6b2c0000, 0x0000028e6cb10000]
 total_blobs=13476 nmethods=12780 adapters=622
 compilation: enabled
              stopped_count=0, restarted_count=0
 full_count=0

Compilation events (20 events):
Event: 6151.973 Thread 0x0000028e7157b020 12979       1       java.lang.Thread::<init> (12 bytes)
Event: 6151.974 Thread 0x0000028e7157b020 nmethod 12979 0x0000028e6b259b90 code [0x0000028e6b259d20, 0x0000028e6b259e08]
Event: 6151.986 Thread 0x0000028e7157b020 12980       1       java.lang.reflect.Method::acquireMethodAccessor (44 bytes)
Event: 6151.986 Thread 0x0000028e7157b020 nmethod 12980 0x0000028e6b259590 code [0x0000028e6b259760, 0x0000028e6b259a38]
Event: 6151.986 Thread 0x0000028e7157b020 12981       1       jdk.internal.reflect.ReflectionFactory::newMethodAccessor (120 bytes)
Event: 6151.992 Thread 0x0000028e7157b020 nmethod 12981 0x0000028e6b258790 code [0x0000028e6b258a00, 0x0000028e6b2591b8]
Event: 6151.992 Thread 0x0000028e7157b020 12982       1       jdk.internal.reflect.Reflection::isCallerSensitive (24 bytes)
Event: 6151.993 Thread 0x0000028e7157b020 nmethod 12982 0x0000028e6b257d10 code [0x0000028e6b257f40, 0x0000028e6b258418]
Event: 6151.993 Thread 0x0000028e7157b020 12983       1       jdk.internal.reflect.NativeMethodAccessorImpl::<init> (10 bytes)
Event: 6151.993 Thread 0x0000028e7157b020 nmethod 12983 0x0000028e6b257a10 code [0x0000028e6b257ba0, 0x0000028e6b257cb8]
Event: 6151.993 Thread 0x0000028e7157b020 12984       1       jdk.internal.reflect.DelegatingMethodAccessorImpl::<init> (10 bytes)
Event: 6151.993 Thread 0x0000028e7157b020 nmethod 12984 0x0000028e6b257710 code [0x0000028e6b2578a0, 0x0000028e6b2579b8]
Event: 6152.060 Thread 0x0000028e7157b020 12985       1       org.eclipse.jdt.internal.compiler.ast.TypeReference::resolveType (7 bytes)
Event: 6152.060 Thread 0x0000028e7157b020 nmethod 12985 0x0000028e6b257410 code [0x0000028e6b2575a0, 0x0000028e6b257688]
Event: 6152.060 Thread 0x0000028e7157b020 12988       1       org.eclipse.jdt.internal.compiler.lookup.ClassScope::buildMethods (637 bytes)
Event: 6152.063 Thread 0x0000028e7157b020 nmethod 12988 0x0000028e6b254c90 code [0x0000028e6b254fe0, 0x0000028e6b2564b8]
Event: 6152.063 Thread 0x0000028e7157b020 12986       1       org.eclipse.jdt.internal.compiler.lookup.ClassScope::buildFields (365 bytes)
Event: 6152.068 Thread 0x0000028e7157b020 nmethod 12986 0x0000028e6b253010 code [0x0000028e6b2532e0, 0x0000028e6b254188]
Event: 6152.068 Thread 0x0000028e7157b020 12987       1       org.eclipse.jdt.internal.compiler.lookup.SourceTypeBinding::areFieldsInitialized (29 bytes)
Event: 6152.068 Thread 0x0000028e7157b020 nmethod 12987 0x0000028e6b252b90 code [0x0000028e6b252d40, 0x0000028e6b252f28]

GC Heap History (20 events):
Event: 10807.753 GC heap before
{Heap before GC invocations=1210 (full 1001):
 garbage-first heap   total 327680K, used 97212K [0x00000000c0000000, 0x0000000100000000)
  region size 1024K, 1 young (1024K), 0 survivors (0K)
 Metaspace       used 74493K, committed 75008K, reserved 1114112K
  class space    used 10183K, committed 10432K, reserved 1048576K
}
Event: 10807.818 GC heap after
{Heap after GC invocations=1211 (full 1002):
 garbage-first heap   total 327680K, used 97212K [0x00000000c0000000, 0x0000000100000000)
  region size 1024K, 0 young (0K), 0 survivors (0K)
 Metaspace       used 74493K, committed 75008K, reserved 1114112K
  class space    used 10183K, committed 10432K, reserved 1048576K
}
Event: 10818.082 GC heap before
{Heap before GC invocations=1211 (full 1002):
 garbage-first heap   total 327680K, used 97212K [0x00000000c0000000, 0x0000000100000000)
  region size 1024K, 1 young (1024K), 0 survivors (0K)
 Metaspace       used 74493K, committed 75008K, reserved 1114112K
  class space    used 10183K, committed 10432K, reserved 1048576K
}
Event: 10818.148 GC heap after
{Heap after GC invocations=1212 (full 1003):
 garbage-first heap   total 327680K, used 97212K [0x00000000c0000000, 0x0000000100000000)
  region size 1024K, 0 young (0K), 0 survivors (0K)
 Metaspace       used 74493K, committed 75008K, reserved 1114112K
  class space    used 10183K, committed 10432K, reserved 1048576K
}
Event: 10828.403 GC heap before
{Heap before GC invocations=1212 (full 1003):
 garbage-first heap   total 327680K, used 97212K [0x00000000c0000000, 0x0000000100000000)
  region size 1024K, 1 young (1024K), 0 survivors (0K)
 Metaspace       used 74493K, committed 75008K, reserved 1114112K
  class space    used 10183K, committed 10432K, reserved 1048576K
}
Event: 10828.468 GC heap after
{Heap after GC invocations=1213 (full 1004):
 garbage-first heap   total 327680K, used 97212K [0x00000000c0000000, 0x0000000100000000)
  region size 1024K, 0 young (0K), 0 survivors (0K)
 Metaspace       used 74493K, committed 75008K, reserved 1114112K
  class space    used 10183K, committed 10432K, reserved 1048576K
}
Event: 10838.722 GC heap before
{Heap before GC invocations=1213 (full 1004):
 garbage-first heap   total 327680K, used 97212K [0x00000000c0000000, 0x0000000100000000)
  region size 1024K, 1 young (1024K), 0 survivors (0K)
 Metaspace       used 74493K, committed 75008K, reserved 1114112K
  class space    used 10183K, committed 10432K, reserved 1048576K
}
Event: 10838.786 GC heap after
{Heap after GC invocations=1214 (full 1005):
 garbage-first heap   total 327680K, used 97212K [0x00000000c0000000, 0x0000000100000000)
  region size 1024K, 0 young (0K), 0 survivors (0K)
 Metaspace       used 74493K, committed 75008K, reserved 1114112K
  class space    used 10183K, committed 10432K, reserved 1048576K
}
Event: 10849.045 GC heap before
{Heap before GC invocations=1214 (full 1005):
 garbage-first heap   total 327680K, used 97212K [0x00000000c0000000, 0x0000000100000000)
  region size 1024K, 1 young (1024K), 0 survivors (0K)
 Metaspace       used 74493K, committed 75008K, reserved 1114112K
  class space    used 10183K, committed 10432K, reserved 1048576K
}
Event: 10849.110 GC heap after
{Heap after GC invocations=1215 (full 1006):
 garbage-first heap   total 327680K, used 97212K [0x00000000c0000000, 0x0000000100000000)
  region size 1024K, 0 young (0K), 0 survivors (0K)
 Metaspace       used 74493K, committed 75008K, reserved 1114112K
  class space    used 10183K, committed 10432K, reserved 1048576K
}
Event: 10859.362 GC heap before
{Heap before GC invocations=1215 (full 1006):
 garbage-first heap   total 327680K, used 97212K [0x00000000c0000000, 0x0000000100000000)
  region size 1024K, 1 young (1024K), 0 survivors (0K)
 Metaspace       used 74493K, committed 75008K, reserved 1114112K
  class space    used 10183K, committed 10432K, reserved 1048576K
}
Event: 10859.422 GC heap after
{Heap after GC invocations=1216 (full 1007):
 garbage-first heap   total 327680K, used 97212K [0x00000000c0000000, 0x0000000100000000)
  region size 1024K, 0 young (0K), 0 survivors (0K)
 Metaspace       used 74493K, committed 75008K, reserved 1114112K
  class space    used 10183K, committed 10432K, reserved 1048576K
}
Event: 10869.682 GC heap before
{Heap before GC invocations=1216 (full 1007):
 garbage-first heap   total 327680K, used 97212K [0x00000000c0000000, 0x0000000100000000)
  region size 1024K, 1 young (1024K), 0 survivors (0K)
 Metaspace       used 74493K, committed 75008K, reserved 1114112K
  class space    used 10183K, committed 10432K, reserved 1048576K
}
Event: 10869.741 GC heap after
{Heap after GC invocations=1217 (full 1008):
 garbage-first heap   total 327680K, used 97212K [0x00000000c0000000, 0x0000000100000000)
  region size 1024K, 0 young (0K), 0 survivors (0K)
 Metaspace       used 74493K, committed 75008K, reserved 1114112K
  class space    used 10183K, committed 10432K, reserved 1048576K
}
Event: 10880.018 GC heap before
{Heap before GC invocations=1217 (full 1008):
 garbage-first heap   total 327680K, used 97212K [0x00000000c0000000, 0x0000000100000000)
  region size 1024K, 1 young (1024K), 0 survivors (0K)
 Metaspace       used 74493K, committed 75008K, reserved 1114112K
  class space    used 10183K, committed 10432K, reserved 1048576K
}
Event: 10880.079 GC heap after
{Heap after GC invocations=1218 (full 1009):
 garbage-first heap   total 327680K, used 97212K [0x00000000c0000000, 0x0000000100000000)
  region size 1024K, 0 young (0K), 0 survivors (0K)
 Metaspace       used 74493K, committed 75008K, reserved 1114112K
  class space    used 10183K, committed 10432K, reserved 1048576K
}
Event: 10890.355 GC heap before
{Heap before GC invocations=1218 (full 1009):
 garbage-first heap   total 327680K, used 97212K [0x00000000c0000000, 0x0000000100000000)
  region size 1024K, 1 young (1024K), 0 survivors (0K)
 Metaspace       used 74493K, committed 75008K, reserved 1114112K
  class space    used 10183K, committed 10432K, reserved 1048576K
}
Event: 10890.433 GC heap after
{Heap after GC invocations=1219 (full 1010):
 garbage-first heap   total 327680K, used 97212K [0x00000000c0000000, 0x0000000100000000)
  region size 1024K, 0 young (0K), 0 survivors (0K)
 Metaspace       used 74493K, committed 75008K, reserved 1114112K
  class space    used 10183K, committed 10432K, reserved 1048576K
}
Event: 10900.681 GC heap before
{Heap before GC invocations=1219 (full 1010):
 garbage-first heap   total 327680K, used 97212K [0x00000000c0000000, 0x0000000100000000)
  region size 1024K, 1 young (1024K), 0 survivors (0K)
 Metaspace       used 74493K, committed 75008K, reserved 1114112K
  class space    used 10183K, committed 10432K, reserved 1048576K
}
Event: 10900.747 GC heap after
{Heap after GC invocations=1220 (full 1011):
 garbage-first heap   total 327680K, used 97212K [0x00000000c0000000, 0x0000000100000000)
  region size 1024K, 0 young (0K), 0 survivors (0K)
 Metaspace       used 74493K, committed 75008K, reserved 1114112K
  class space    used 10183K, committed 10432K, reserved 1048576K
}

Dll operation events (10 events):
Event: 0.142 Loaded shared library c:\Users\Dinma\.vscode\extensions\redhat.java-1.20.0-win32-x64\jre\17.0.7-win32-x86_64\bin\java.dll
Event: 0.979 Loaded shared library C:\Users\Dinma\.vscode\extensions\redhat.java-1.20.0-win32-x64\jre\17.0.7-win32-x86_64\bin\net.dll
Event: 0.982 Loaded shared library C:\Users\Dinma\.vscode\extensions\redhat.java-1.20.0-win32-x64\jre\17.0.7-win32-x86_64\bin\nio.dll
Event: 0.997 Loaded shared library C:\Users\Dinma\.vscode\extensions\redhat.java-1.20.0-win32-x64\jre\17.0.7-win32-x86_64\bin\zip.dll
Event: 2.097 Loaded shared library C:\Users\Dinma\.vscode\extensions\redhat.java-1.20.0-win32-x64\jre\17.0.7-win32-x86_64\bin\jimage.dll
Event: 21.096 Loaded shared library C:\Users\Dinma\.vscode\extensions\redhat.java-1.20.0-win32-x64\jre\17.0.7-win32-x86_64\bin\management.dll
Event: 21.187 Loaded shared library C:\Users\Dinma\.vscode\extensions\redhat.java-1.20.0-win32-x64\jre\17.0.7-win32-x86_64\bin\management_ext.dll
Event: 30.766 Loaded shared library C:\Users\Dinma\.vscode\extensions\redhat.java-1.20.0-win32-x64\jre\17.0.7-win32-x86_64\bin\sunmscapi.dll
Event: 55.162 Loaded shared library c:\Users\Dinma\.vscode\extensions\redhat.java-1.20.0-win32-x64\jre\17.0.7-win32-x86_64\bin\verify.dll
Event: 64.002 Loaded shared library C:\Users\Dinma\AppData\Local\Temp\snappy-1.1.8-2a60beb7-896f-4a31-893a-07858f5681bc-snappyjava.dll

Deoptimization events (20 events):
Event: 57.522 Thread 0x0000028e767eed50 DEOPT PACKING pc=0x0000028e6a8f8aac sp=0x000000fe763fe570
Event: 57.522 Thread 0x0000028e767eed50 DEOPT UNPACKING pc=0x0000028e69b67143 sp=0x000000fe763fda00 mode 0
Event: 57.542 Thread 0x0000028e767eed50 DEOPT PACKING pc=0x0000028e6a00c8f3 sp=0x000000fe763fd9b0
Event: 57.542 Thread 0x0000028e767eed50 DEOPT UNPACKING pc=0x0000028e69b67143 sp=0x000000fe763fced0 mode 3
Event: 63.800 Thread 0x0000028e77579e90 DEOPT PACKING pc=0x0000028e6aaa24ec sp=0x000000fe76bfd850
Event: 63.801 Thread 0x0000028e77579e90 DEOPT UNPACKING pc=0x0000028e69b67143 sp=0x000000fe76bfcda0 mode 0
Event: 63.801 Thread 0x0000028e77579e90 DEOPT PACKING pc=0x0000028e6aaa24ec sp=0x000000fe76bfda60
Event: 63.801 Thread 0x0000028e77579e90 DEOPT UNPACKING pc=0x0000028e69b67143 sp=0x000000fe76bfcfb0 mode 0
Event: 63.801 Thread 0x0000028e77579e90 DEOPT PACKING pc=0x0000028e6aaa24ec sp=0x000000fe76bfdd90
Event: 63.801 Thread 0x0000028e77579e90 DEOPT UNPACKING pc=0x0000028e69b67143 sp=0x000000fe76bfd2e0 mode 0
Event: 63.801 Thread 0x0000028e77579e90 DEOPT PACKING pc=0x0000028e6aaa24ec sp=0x000000fe76bfe090
Event: 63.801 Thread 0x0000028e77579e90 DEOPT UNPACKING pc=0x0000028e69b67143 sp=0x000000fe76bfd5e0 mode 0
Event: 4238.632 Thread 0x0000028e77177620 DEOPT PACKING pc=0x0000028e69e3cfd4 sp=0x000000fe758ff1a0
Event: 4238.638 Thread 0x0000028e77177620 DEOPT UNPACKING pc=0x0000028e69b67143 sp=0x000000fe758fe648 mode 0
Event: 4267.995 Thread 0x0000028e7757bb70 DEOPT PACKING pc=0x0000028e6ac8c2cf sp=0x000000fe764fe0e0
Event: 4267.995 Thread 0x0000028e7757bb70 DEOPT UNPACKING pc=0x0000028e69b67143 sp=0x000000fe764fd5d0 mode 3
Event: 4300.006 Thread 0x0000028e78787f50 DEOPT PACKING pc=0x0000028e6af25cb6 sp=0x000000fe75afd040
Event: 4300.008 Thread 0x0000028e78787f50 DEOPT UNPACKING pc=0x0000028e69b67143 sp=0x000000fe75afc538 mode 3
Event: 4479.957 Thread 0x0000028e77d12060 DEOPT PACKING pc=0x0000028e6b0a89a0 sp=0x000000fe75afdd70
Event: 4479.960 Thread 0x0000028e77d12060 DEOPT UNPACKING pc=0x0000028e69b67143 sp=0x000000fe75afd1f0 mode 3

Classes unloaded (20 events):
Event: 4454.586 Thread 0x0000028e7151fc70 Unloading class 0x0000000100a46000 'jdk/internal/reflect/GeneratedMethodAccessor51'
Event: 4454.586 Thread 0x0000028e7151fc70 Unloading class 0x00000001004fcc00 'jdk/internal/reflect/GeneratedConstructorAccessor57'
Event: 4454.586 Thread 0x0000028e7151fc70 Unloading class 0x00000001004fc800 'jdk/internal/reflect/GeneratedConstructorAccessor56'
Event: 4454.586 Thread 0x0000028e7151fc70 Unloading class 0x00000001004fd400 'jdk/internal/reflect/GeneratedMethodAccessor48'
Event: 4454.586 Thread 0x0000028e7151fc70 Unloading class 0x00000001004fd000 'jdk/internal/reflect/GeneratedConstructorAccessor55'
Event: 4454.586 Thread 0x0000028e7151fc70 Unloading class 0x000000010039a000 'jdk/internal/reflect/GeneratedMethodAccessor47'
Event: 4723.847 Thread 0x0000028e7151fc70 Unloading class 0x0000000100a52000 'jdk/internal/reflect/GeneratedConstructorAccessor76'
Event: 4723.847 Thread 0x0000028e7151fc70 Unloading class 0x0000000100a51c00 'jdk/internal/reflect/GeneratedConstructorAccessor75'
Event: 4723.847 Thread 0x0000028e7151fc70 Unloading class 0x0000000100a51800 'jdk/internal/reflect/GeneratedConstructorAccessor74'
Event: 4723.847 Thread 0x0000028e7151fc70 Unloading class 0x0000000100a51400 'jdk/internal/reflect/GeneratedConstructorAccessor73'
Event: 4723.847 Thread 0x0000028e7151fc70 Unloading class 0x0000000100a51000 'jdk/internal/reflect/GeneratedConstructorAccessor72'
Event: 4723.847 Thread 0x0000028e7151fc70 Unloading class 0x0000000100a50c00 'jdk/internal/reflect/GeneratedConstructorAccessor71'
Event: 5378.759 Thread 0x0000028e7151fc70 Unloading class 0x0000000100a58000 'jdk/internal/reflect/GeneratedConstructorAccessor86'
Event: 5378.762 Thread 0x0000028e7151fc70 Unloading class 0x0000000100a53c00 'jdk/internal/reflect/GeneratedConstructorAccessor85'
Event: 5378.762 Thread 0x0000028e7151fc70 Unloading class 0x0000000100a53000 'jdk/internal/reflect/GeneratedConstructorAccessor83'
Event: 5378.762 Thread 0x0000028e7151fc70 Unloading class 0x0000000100a52c00 'jdk/internal/reflect/GeneratedConstructorAccessor82'
Event: 5378.763 Thread 0x0000028e7151fc70 Unloading class 0x0000000100a52800 'jdk/internal/reflect/GeneratedMethodAccessor64'
Event: 5378.763 Thread 0x0000028e7151fc70 Unloading class 0x0000000100a52400 'jdk/internal/reflect/GeneratedConstructorAccessor81'
Event: 5378.765 Thread 0x0000028e7151fc70 Unloading class 0x0000000100a51800 'jdk/internal/reflect/GeneratedConstructorAccessor79'
Event: 5389.979 Thread 0x0000028e7151fc70 Unloading class 0x0000000100a58400 'jdk/internal/reflect/GeneratedMethodAccessor66'

Classes redefined (0 events):
No events

Internal exceptions (20 events):
Event: 5153.409 Thread 0x0000028e77d12530 Exception <a 'sun/nio/fs/WindowsException'{0x00000000eeeb1bd0}> (0x00000000eeeb1bd0) 
thrown [s\src\hotspot\share\prims\jni.cpp, line 516]
Event: 5153.409 Thread 0x0000028e77d12530 Exception <a 'sun/nio/fs/WindowsException'{0x00000000eeeb1f50}> (0x00000000eeeb1f50) 
thrown [s\src\hotspot\share\prims\jni.cpp, line 516]
Event: 5153.411 Thread 0x0000028e77d12530 Exception <a 'sun/nio/fs/WindowsException'{0x00000000eedceca0}> (0x00000000eedceca0) 
thrown [s\src\hotspot\share\prims\jni.cpp, line 516]
Event: 5153.412 Thread 0x0000028e77d12530 Exception <a 'sun/nio/fs/WindowsException'{0x00000000eedd4948}> (0x00000000eedd4948) 
thrown [s\src\hotspot\share\prims\jni.cpp, line 516]
Event: 5153.413 Thread 0x0000028e77d12530 Exception <a 'sun/nio/fs/WindowsException'{0x00000000eedd8e20}> (0x00000000eedd8e20) 
thrown [s\src\hotspot\share\prims\jni.cpp, line 516]
Event: 5153.414 Thread 0x0000028e77d12530 Exception <a 'sun/nio/fs/WindowsException'{0x00000000eeddb898}> (0x00000000eeddb898) 
thrown [s\src\hotspot\share\prims\jni.cpp, line 516]
Event: 5153.415 Thread 0x0000028e77d12530 Exception <a 'sun/nio/fs/WindowsException'{0x00000000eedde320}> (0x00000000eedde320) 
thrown [s\src\hotspot\share\prims\jni.cpp, line 516]
Event: 5153.415 Thread 0x0000028e77d12530 Exception <a 'sun/nio/fs/WindowsException'{0x00000000eede6968}> (0x00000000eede6968) 
thrown [s\src\hotspot\share\prims\jni.cpp, line 516]
Event: 5153.416 Thread 0x0000028e77d12530 Exception <a 'sun/nio/fs/WindowsException'{0x00000000eedea308}> (0x00000000eedea308) 
thrown [s\src\hotspot\share\prims\jni.cpp, line 516]
Event: 5153.416 Thread 0x0000028e77d12530 Exception <a 'sun/nio/fs/WindowsException'{0x00000000eedea5a8}> (0x00000000eedea5a8) 
thrown [s\src\hotspot\share\prims\jni.cpp, line 516]
Event: 5153.416 Thread 0x0000028e77d12530 Exception <a 'sun/nio/fs/WindowsException'{0x00000000eedef6c8}> (0x00000000eedef6c8) 
thrown [s\src\hotspot\share\prims\jni.cpp, line 516]
Event: 5153.416 Thread 0x0000028e77d12530 Exception <a 'sun/nio/fs/WindowsException'{0x00000000eedef988}> (0x00000000eedef988) 
thrown [s\src\hotspot\share\prims\jni.cpp, line 516]
Event: 5153.417 Thread 0x0000028e77d12530 Exception <a 'sun/nio/fs/WindowsException'{0x00000000eedf45d8}> (0x00000000eedf45d8) 
thrown [s\src\hotspot\share\prims\jni.cpp, line 516]
Event: 5153.417 Thread 0x0000028e77d12530 Exception <a 'sun/nio/fs/WindowsException'{0x00000000eedf48a8}> (0x00000000eedf48a8) 
thrown [s\src\hotspot\share\prims\jni.cpp, line 516]
Event: 5153.417 Thread 0x0000028e77d12530 Exception <a 'sun/nio/fs/WindowsException'{0x00000000eec0df30}> (0x00000000eec0df30) 
thrown [s\src\hotspot\share\prims\jni.cpp, line 516]
Event: 5153.417 Thread 0x0000028e77d12530 Exception <a 'sun/nio/fs/WindowsException'{0x00000000eec0e228}> (0x00000000eec0e228) 
thrown [s\src\hotspot\share\prims\jni.cpp, line 516]
Event: 5153.417 Thread 0x0000028e77d12530 Exception <a 'sun/nio/fs/WindowsException'{0x00000000eec37cb0}> (0x00000000eec37cb0) 
thrown [s\src\hotspot\share\prims\jni.cpp, line 516]
Event: 5153.418 Thread 0x0000028e77d12530 Exception <a 'sun/nio/fs/WindowsException'{0x00000000eec37fd0}> (0x00000000eec37fd0) 
thrown [s\src\hotspot\share\prims\jni.cpp, line 516]
Event: 5153.418 Thread 0x0000028e77d12530 Exception <a 'sun/nio/fs/WindowsException'{0x00000000eec4ddc8}> (0x00000000eec4ddc8) 
thrown [s\src\hotspot\share\prims\jni.cpp, line 516]
Event: 5153.418 Thread 0x0000028e77d12530 Exception <a 'sun/nio/fs/WindowsException'{0x00000000eec4e0f8}> (0x00000000eec4e0f8) 
thrown [s\src\hotspot\share\prims\jni.cpp, line 516]

VM Operations (20 events):
Event: 10807.818 Executing VM operation: G1CollectFull done
Event: 10818.082 Executing VM operation: G1CollectFull
Event: 10818.148 Executing VM operation: G1CollectFull done
Event: 10828.403 Executing VM operation: G1CollectFull
Event: 10828.468 Executing VM operation: G1CollectFull done
Event: 10838.721 Executing VM operation: G1CollectFull
Event: 10838.786 Executing VM operation: G1CollectFull done
Event: 10849.045 Executing VM operation: G1CollectFull
Event: 10849.110 Executing VM operation: G1CollectFull done
Event: 10859.361 Executing VM operation: G1CollectFull
Event: 10859.422 Executing VM operation: G1CollectFull done
Event: 10869.682 Executing VM operation: G1CollectFull
Event: 10869.741 Executing VM operation: G1CollectFull done
Event: 10880.018 Executing VM operation: G1CollectFull
Event: 10880.079 Executing VM operation: G1CollectFull done
Event: 10890.355 Executing VM operation: G1CollectFull
Event: 10890.433 Executing VM operation: G1CollectFull done
Event: 10900.681 Executing VM operation: G1CollectFull
Event: 10900.748 Executing VM operation: G1CollectFull done
Event: 10910.828 Executing VM operation: G1CollectFull

Events (20 events):
Event: 5152.724 Thread 0x0000028e00258220 Thread exited: 0x0000028e00258220
Event: 5152.725 Thread 0x0000028e002573b0 Thread exited: 0x0000028e002573b0
Event: 5152.725 Thread 0x0000028e78788420 Thread exited: 0x0000028e78788420
Event: 5152.725 Thread 0x0000028e00258bc0 Thread exited: 0x0000028e00258bc0
Event: 5152.725 Thread 0x0000028e002586f0 Thread exited: 0x0000028e002586f0
Event: 5152.725 Thread 0x0000028e7820a210 Thread exited: 0x0000028e7820a210
Event: 5152.725 Thread 0x0000028e00256ee0 Thread exited: 0x0000028e00256ee0
Event: 5152.725 Thread 0x0000028e00256070 Thread exited: 0x0000028e00256070
Event: 5158.722 Thread 0x0000028e005085a0 Thread exited: 0x0000028e005085a0
Event: 5160.780 Thread 0x0000028e77d12ed0 Thread exited: 0x0000028e77d12ed0
Event: 5170.848 Thread 0x0000028e77d12530 Thread exited: 0x0000028e77d12530
Event: 5201.390 Thread 0x0000028e77577810 Thread exited: 0x0000028e77577810
Event: 5201.442 Thread 0x0000028e7820ba20 Thread exited: 0x0000028e7820ba20
Event: 5211.259 Thread 0x0000028e787870e0 Thread exited: 0x0000028e787870e0
Event: 5211.934 Thread 0x0000028e7820b080 Thread exited: 0x0000028e7820b080
Event: 5271.941 Thread 0x0000028e77d12060 Thread exited: 0x0000028e77d12060
Event: 6151.970 Thread 0x0000028e775799c0 Thread added: 0x0000028e775799c0
Event: 6151.973 Thread 0x0000028e78787f50 Thread added: 0x0000028e78787f50
Event: 6212.085 Thread 0x0000028e78787f50 Thread exited: 0x0000028e78787f50
Event: 6212.085 Thread 0x0000028e775799c0 Thread exited: 0x0000028e775799c0


Dynamic libraries:
0x00007ff7eaa20000 - 0x00007ff7eaa2e000 	c:\Users\Dinma\.vscode\extensions\redhat.java-1.20.0-win32-x64\jre\17.0.7-win32-x86_64\bin\java.exe
0x00007fffce5b0000 - 0x00007fffce7a8000 	C:\Windows\SYSTEM32\ntdll.dll
0x00007fffcd400000 - 0x00007fffcd4bf000 	C:\Windows\System32\KERNEL32.DLL
0x00007fffcbde0000 - 0x00007fffcc0d6000 	C:\Windows\System32\KERNELBASE.dll
0x00007fffcc180000 - 0x00007fffcc280000 	C:\Windows\System32\ucrtbase.dll
0x00007fffb4b20000 - 0x00007fffb4b37000 	c:\Users\Dinma\.vscode\extensions\redhat.java-1.20.0-win32-x64\jre\17.0.7-win32-x86_64\bin\jli.dll
0x00007fffcccf0000 - 0x00007fffcce8d000 	C:\Windows\System32\USER32.dll
0x00007fffcbc90000 - 0x00007fffcbcb2000 	C:\Windows\System32\win32u.dll
0x00007fffcc670000 - 0x00007fffcc69c000 	C:\Windows\System32\GDI32.dll
0x00007fffcbcc0000 - 0x00007fffcbdd5000 	C:\Windows\System32\gdi32full.dll
0x00007fffcc4e0000 - 0x00007fffcc57d000 	C:\Windows\System32\msvcp_win.dll
0x00007fffb53a0000 - 0x00007fffb53b9000 	c:\Users\Dinma\.vscode\extensions\redhat.java-1.20.0-win32-x64\jre\17.0.7-win32-x86_64\bin\VCRUNTIME140.dll
0x00007fffc9860000 - 0x00007fffc9afa000 	C:\Windows\WinSxS\amd64_microsoft.windows.common-controls_6595b64144ccf1df_6.0.19041.1110_none_60b5254171f9507e\COMCTL32.dll
0x00007fffcd760000 - 0x00007fffcd7fe000 	C:\Windows\System32\msvcrt.dll
0x00007fffcd3b0000 - 0x00007fffcd3e0000 	C:\Windows\System32\IMM32.DLL
0x00007fffcbaa0000 - 0x00007fffcbad8000 	C:\Program Files\Citrix\System32\MfApHook64.dll
0x00007fffcb9c0000 - 0x00007fffcb9d2000 	C:\Program Files\Citrix\IcaService\FullScreenHook64.dll
0x00007fffce380000 - 0x00007fffce42f000 	C:\Windows\System32\ADVAPI32.dll
0x00007fffcc6a0000 - 0x00007fffcc73c000 	C:\Windows\System32\sechost.dll
0x00007fffce0a0000 - 0x00007fffce1c6000 	C:\Windows\System32\RPCRT4.dll
0x00007fffa2eb0000 - 0x00007fffa2f41000 	c:\Users\Dinma\.vscode\extensions\redhat.java-1.20.0-win32-x64\jre\17.0.7-win32-x86_64\bin\MSVCP140.dll
0x00007fffc44d0000 - 0x00007fffc44dc000 	c:\Users\Dinma\.vscode\extensions\redhat.java-1.20.0-win32-x64\jre\17.0.7-win32-x86_64\bin\VCRUNTIME140_1.dll
0x00007fffcb4f0000 - 0x00007fffcb51a000 	C:\Program Files\Citrix\ICAService\ShellHook64.dll
0x00007fffce430000 - 0x00007fffce485000 	C:\Windows\System32\SHLWAPI.dll
0x00007fffcb3e0000 - 0x00007fffcb4ef000 	C:\Program Files\Citrix\IcaService\SCardHook64.dll
0x00007fffcb240000 - 0x00007fffcb260000 	C:\Program Files\Citrix\ICAService\cxinjime64.dll
0x00007fffcb210000 - 0x00007fffcb236000 	C:\Program Files\Citrix\ICAService\PicaWtsHook64.dll
0x00007fff749d0000 - 0x00007fff75618000 	c:\Users\Dinma\.vscode\extensions\redhat.java-1.20.0-win32-x64\jre\17.0.7-win32-x86_64\bin\server\jvm.dll
0x00007fffb9d10000 - 0x00007fffb9d19000 	C:\Windows\SYSTEM32\WSOCK32.dll
0x00007fffcd5e0000 - 0x00007fffcd64b000 	C:\Windows\System32\WS2_32.dll
0x00007fffc4c60000 - 0x00007fffc4c87000 	C:\Windows\SYSTEM32\WINMM.dll
0x00007fffcb880000 - 0x00007fffcb88a000 	C:\Windows\SYSTEM32\VERSION.dll
0x00007fffc9d60000 - 0x00007fffc9d72000 	C:\Windows\SYSTEM32\kernel.appcore.dll
0x00007fffc42f0000 - 0x00007fffc42fa000 	c:\Users\Dinma\.vscode\extensions\redhat.java-1.20.0-win32-x64\jre\17.0.7-win32-x86_64\bin\jimage.dll
0x00007fffc93c0000 - 0x00007fffc95a4000 	C:\Windows\SYSTEM32\DBGHELP.DLL
0x00007fffc5a70000 - 0x00007fffc5aa4000 	C:\Windows\SYSTEM32\dbgcore.DLL
0x00007fffcc580000 - 0x00007fffcc602000 	C:\Windows\System32\bcryptPrimitives.dll
0x00007fffb36f0000 - 0x00007fffb3715000 	c:\Users\Dinma\.vscode\extensions\redhat.java-1.20.0-win32-x64\jre\17.0.7-win32-x86_64\bin\java.dll
0x00007fffb3790000 - 0x00007fffb37a8000 	c:\Users\Dinma\.vscode\extensions\redhat.java-1.20.0-win32-x64\jre\17.0.7-win32-x86_64\bin\zip.dll
0x00007fffcd8f0000 - 0x00007fffce034000 	C:\Windows\System32\SHELL32.dll
0x00007fffc8c20000 - 0x00007fffc93b3000 	C:\Windows\SYSTEM32\windows.storage.dll
0x00007fffcc990000 - 0x00007fffccce4000 	C:\Windows\System32\combase.dll
0x00007fffcae40000 - 0x00007fffcae6e000 	C:\Windows\SYSTEM32\Wldp.dll
0x00007fffcd300000 - 0x00007fffcd3ad000 	C:\Windows\System32\SHCORE.dll
0x00007fffcbbd0000 - 0x00007fffcbbef000 	C:\Windows\SYSTEM32\profapi.dll
0x00007fffb3460000 - 0x00007fffb3479000 	C:\Users\Dinma\.vscode\extensions\redhat.java-1.20.0-win32-x64\jre\17.0.7-win32-x86_64\bin\net.dll
0x00007fffc4520000 - 0x00007fffc462a000 	C:\Windows\SYSTEM32\WINHTTP.dll
0x00007fffcab50000 - 0x00007fffcabba000 	C:\Windows\system32\mswsock.dll
0x00007fffb3020000 - 0x00007fffb3035000 	C:\Users\Dinma\.vscode\extensions\redhat.java-1.20.0-win32-x64\jre\17.0.7-win32-x86_64\bin\nio.dll
0x00007fffcad40000 - 0x00007fffcad58000 	C:\Windows\SYSTEM32\CRYPTSP.dll
0x00007fffca480000 - 0x00007fffca4b4000 	C:\Windows\system32\rsaenh.dll
0x00007fffcc150000 - 0x00007fffcc177000 	C:\Windows\System32\bcrypt.dll
0x00007fffcbb90000 - 0x00007fffcbbbe000 	C:\Windows\SYSTEM32\USERENV.dll
0x00007fffcad60000 - 0x00007fffcad6c000 	C:\Windows\SYSTEM32\CRYPTBASE.dll
0x00007fffca850000 - 0x00007fffca88c000 	C:\Windows\SYSTEM32\IPHLPAPI.DLL
0x00007fffcd800000 - 0x00007fffcd808000 	C:\Windows\System32\NSI.dll
0x00007fffc64a0000 - 0x00007fffc64b7000 	C:\Windows\SYSTEM32\dhcpcsvc6.DLL
0x00007fffc63f0000 - 0x00007fffc640d000 	C:\Windows\SYSTEM32\dhcpcsvc.DLL
0x00007fffca890000 - 0x00007fffca95a000 	C:\Windows\SYSTEM32\DNSAPI.dll
0x00007fffc5ba0000 - 0x00007fffc5ba9000 	C:\Users\Dinma\.vscode\extensions\redhat.java-1.20.0-win32-x64\jre\17.0.7-win32-x86_64\bin\management.dll
0x00007fffc44f0000 - 0x00007fffc44fb000 	C:\Users\Dinma\.vscode\extensions\redhat.java-1.20.0-win32-x64\jre\17.0.7-win32-x86_64\bin\management_ext.dll
0x00007fffcd810000 - 0x00007fffcd818000 	C:\Windows\System32\PSAPI.DLL
0x00007fffb1770000 - 0x00007fffb177e000 	C:\Users\Dinma\.vscode\extensions\redhat.java-1.20.0-win32-x64\jre\17.0.7-win32-x86_64\bin\sunmscapi.dll
0x00007fffcc330000 - 0x00007fffcc48e000 	C:\Windows\System32\CRYPT32.dll
0x00007fffcaeb0000 - 0x00007fffcaed8000 	C:\Windows\SYSTEM32\ncrypt.dll
0x00007fffcae70000 - 0x00007fffcaeab000 	C:\Windows\SYSTEM32\NTASN1.dll
0x00007fffc56c0000 - 0x00007fffc56ca000 	C:\Windows\System32\rasadhlp.dll
0x00007fffc6410000 - 0x00007fffc6492000 	C:\Windows\System32\fwpuclnt.dll
0x00007fffc1af0000 - 0x00007fffc1b00000 	c:\Users\Dinma\.vscode\extensions\redhat.java-1.20.0-win32-x64\jre\17.0.7-win32-x86_64\bin\verify.dll
0x000000006c500000 - 0x000000006c5c7000 	C:\Users\Dinma\AppData\Local\Temp\snappy-1.1.8-2a60beb7-896f-4a31-893a-07858f5681bc-snappyjava.dll

dbghelp: loaded successfully - version: 4.0.5 - missing functions: none
symbol engine: initialized successfully - sym options: 0x614 - pdb path: .;c:\Users\Dinma\.vscode\extensions\redhat.java-1.20.0-win32-x64\jre\17.0.7-win32-x86_64\bin;C:\Windows\SYSTEM32;C:\Windows\WinSxS\amd64_microsoft.windows.common-controls_6595b64144ccf1df_6.0.19041.1110_none_60b5254171f9507e;C:\Program Files\Citrix\System32;C:\Program Files\Citrix\IcaService;c:\Users\Dinma\.vscode\extensions\redhat.java-1.20.0-win32-x64\jre\17.0.7-win32-x86_64\bin\server;C:\Users\Dinma\AppData\Local\Temp

VM Arguments:
jvm_args: -XX:+HeapDumpOnOutOfMemoryError -Xmx1024m -Dsts.lsp.client=vscode -Dsts.log.file=/dev/null -XX:TieredStopAtLevel=1 -Xlog:jni+resolve=off -Dspring.config.location=file:c:\Users\Dinma\.vscode\extensions\vmware.vscode-spring-boot-1.47.0\language-server\BOOT-INF\classes\application.properties 
java_command: org.springframework.ide.vscode.boot.app.BootLanguageServerBootApp
java_class_path (initial): c:\Users\Dinma\.vscode\extensions\vmware.vscode-spring-boot-1.47.0\language-server\BOOT-INF\classes;c:\Users\Dinma\.vscode\extensions\vmware.vscode-spring-boot-1.47.0\language-server\BOOT-INF\lib\annotations-24.0.1.jar;c:\Users\Dinma\.vscode\extensions\vmware.vscode-spring-boot-1.47.0\language-server\BOOT-INF\lib\antlr-runtime-3.5.3.jar;c:\Users\Dinma\.vscode\extensions\vmware.vscode-spring-boot-1.47.0\language-server\BOOT-INF\lib\antlr4-4.11.1.jar;c:\Users\Dinma\.vscode\extensions\vmware.vscode-spring-boot-1.47.0\language-server\BOOT-INF\lib\antlr4-runtime-4.11.1.jar;c:\Users\Dinma\.vscode\extensions\vmware.vscode-spring-boot-1.47.0\language-server\BOOT-INF\lib\aopalliance-1.0.jar;c:\Users\Dinma\.vscode\extensions\vmware.vscode-spring-boot-1.47.0\language-server\BOOT-INF\lib\asm-9.5.jar;c:\Users\Dinma\.vscode\extensions\vmware.vscode-spring-boot-1.47.0\language-server\BOOT-INF\lib\asm-analysis-9.5.jar;c:\Users\Dinma\.vscode\extensions\vmware.vscode-spring-boot-1.47.0\language-server\BOOT-INF\lib\asm-tree-9.5.jar;c:\Users\Dinma\.vscode\extensions\vmware.vscode-spring-boot-1.47.0\language-server\BOOT-INF\lib\asm-util-9.5.jar;c:\Users\Dinma\.vscode\extensions\vmware.vscode-spring-boot-1.47.0\language-server\BOOT-INF\lib\auto-common-1.2.1.jar;c:\Users\Dinma\.vscode\extensions\vmware.vscode-spring-boot-1.47.0\language-server\BOOT-INF\lib\auto-value-annotations-1.9.jar;c:\Users\Dinma\.vscode\extensions\vmware.vscode-spring-boot-1.47.0\language-server\BOOT-INF\lib\caffeine-3.1.2.jar;c:\Users\Dinma\.vscode\extensions\vmware.vscode-spring-boot-1.47.0\language-server\BOOT-INF\lib\checker-qual-3.12.0.jar;c:\Users\Dinma\.vscode\extensions\vmware.vscode-spring-boot-1.47.0\language-server\BOOT-INF\lib\classgraph-4.8.149.jar;c:\Users\Dinma\.vscode\extensions\vmware.vscode-spring-boot-1.47.0\language-server\BOOT-INF\lib\commons-codec-1.15.jar;c:\Users\Dinma\.vscode\extensions\vmware.vscode-spring-boot-1.47.0\language-server\BOOT-INF\lib\commons-compres
Launcher Type: SUN_STANDARD

[Global flags]
     intx CICompilerCount                          = 3                                         {product} {ergonomic}
     uint ConcGCThreads                            = 1                                         {product} {ergonomic}
     uint G1ConcRefinementThreads                  = 4                                         {product} {ergonomic}
   size_t G1HeapRegionSize                         = 1048576                                   {product} {ergonomic}
    uintx GCDrainStackTargetSize                   = 64                                        {product} {ergonomic}
     bool HeapDumpOnOutOfMemoryError               = true                                   {manageable} {command line}
   size_t InitialHeapSize                          = 134217728                                 {product} {ergonomic}
   size_t MarkStackSize                            = 4194304                                   {product} {ergonomic}
   size_t MaxHeapSize                              = 1073741824                                {product} {command line}
   size_t MaxNewSize                               = 643825664                                 {product} {ergonomic}
   size_t MinHeapDeltaBytes                        = 1048576                                   {product} {ergonomic}
   size_t MinHeapSize                              = 8388608                                   {product} {ergonomic}
    uintx NonProfiledCodeHeapSize                  = 0                                      {pd product} {ergonomic}
     bool ProfileInterpreter                       = false                                  {pd product} {command line}
    uintx ProfiledCodeHeapSize                     = 0                                      {pd product} {ergonomic}
   size_t SoftMaxHeapSize                          = 1073741824                             {manageable} {ergonomic}
     intx TieredStopAtLevel                        = 1                                         {product} {command line}
     bool UseCompressedClassPointers               = true                           {product lp64_product} {ergonomic}
     bool UseCompressedOops                        = true                           {product lp64_product} {ergonomic}
     bool UseG1GC                                  = true                                      {product} {ergonomic}
     bool UseLargePagesIndividualAllocation        = false                                  {pd product} {ergonomic}

Logging:
Log output configuration:
 #0: stdout all=warning,jni+resolve=off uptime,level,tags
 #1: stderr all=off uptime,level,tags

Environment Variables:
JAVA_HOME=C:\Program Files\OpenJDK\jdk-8.0.262.10-hotspot\
PATH=C:\Program Files (x86)\Microsoft SDKs\Azure\CLI2\wbin;C:\Program Files\OpenJDK\jdk-8.0.262.10-hotspot\bin;C:\ProgramData\Oracle\Java\javapath;C:\Windows\system32;C:\Windows;C:\Windows\System32\Wbem;C:\Windows\System32\WindowsPowerShell\v1.0\;C:\Windows\System32\OpenSSH\;C:\Program Files (x86)\Sennheiser\SenncomSDK\;C:\Program Files\Citrix\System32\;C:\Program Files\Citrix\ICAService\;C:\Program Files\TortoiseSVN\bin;C:\Users\Dinma\nodejs\;C:\Users\Dinma\Git\cmd;C:\Program Files\Docker\Docker\resources\bin;C:\Program Files\RedHat\java-17-openjdk-17.0.7.0.7-1.jre\bin;C:\Users\Dinma\AppData\Local\Microsoft\WindowsApps;C:\Users\Dinma\maven\bin;;C:\Users\Dinma\AppData\Local\Programs\Microsoft VS Code\bin;C:\Users\Dinma\AppData\Roaming\npm
USERNAME=dinma
OS=Windows_NT
PROCESSOR_IDENTIFIER=Intel64 Family 6 Model 85 Stepping 4, GenuineIntel
TMP=C:\Users\Dinma\AppData\Local\Temp
TEMP=C:\Users\Dinma\AppData\Local\Temp



---------------  S Y S T E M  ---------------

OS:
 Windows 10 , 64 bit Build 19041 (10.0.19041.3031)
OS uptime: 14 days 4:54 hours
VMWare virtualization detected

CPU: total 4 (initial active 4) (4 cores per cpu, 1 threads per core) family 6 model 85 stepping 4 microcode 0x2006e05, cx8, cmov, fxsr, mmx, 3dnowpref, sse, sse2, sse3, ssse3, sse4.1, sse4.2, popcnt, lzcnt, tsc, tscinvbit, avx, avx2, aes, erms, clmul, bmi1, bmi2, adx, fma, vzeroupper, clflush, hv

Memory: 4k page, system-wide physical 8191M (381M free)
TotalPageFile size 20921M (AvailPageFile size 8M)
current process WorkingSet (physical memory assigned to process): 184M, peak: 1156M
current process commit charge ("private bytes"): 529M, peak: 1261M

vm_info: OpenJDK 64-Bit Server VM (17.0.7+7) for windows-amd64 JRE (17.0.7+7), built on Apr 18 2023 22:10:42 by "temurin" with MS VC++ 16.7 (VS2019)

END.
