#
# There is insufficient memory for the Java Runtime Environment to continue.
# Native memory allocation (malloc) failed to allocate 2097152 bytes for AllocateHeap
# Possible reasons:
#   The system is out of physical RAM or swap space
#   The process is running with CompressedOops enabled, and the Java Heap may be blocking the growth of the native heap
# Possible solutions:
#   Reduce memory load on the system
#   Increase physical memory or swap space
#   Check if swap backing store is full
#   Decrease Java heap size (-Xmx/-Xms)
#   Decrease number of Java threads
#   Decrease Java thread stack sizes (-Xss)
#   Set larger code cache with -XX:ReservedCodeCacheSize=
#   JVM is running with Unscaled Compressed Oops mode in which the Java heap is
#     placed in the first 4GB address space. The Java Heap base address is the
#     maximum limit for the native heap growth. Please use -XX:HeapBaseMinAddress
#     to set the Java Heap base and to place the Java Heap above 4GB virtual address.
# This output file may be truncated or incomplete.
#
#  Out of Memory Error (allocation.cpp:44), pid=2484, tid=21260
#
# JRE version: OpenJDK Runtime Environment Temurin-17.0.7+7 (17.0.7+7) (build 17.0.7+7)
# Java VM: OpenJDK 64-Bit Server VM Temurin-17.0.7+7 (17.0.7+7, mixed mode, emulated-client, tiered, compressed oops, compressed class ptrs, g1 gc, windows-amd64)
# No core dump will be written. Minidumps are not enabled by default on client versions of Windows
#

---------------  S U M M A R Y ------------

Command Line: -XX:+HeapDumpOnOutOfMemoryError -Xmx1024m -Dsts.lsp.client=vscode -Dsts.log.file=/dev/null -XX:TieredStopAtLevel=1 -Xlog:jni+resolve=off -Dspring.config.location=file:c:\Users\Dinma\.vscode\extensions\vmware.vscode-spring-boot-1.47.0\language-server\BOOT-INF\classes\application.properties org.springframework.ide.vscode.boot.app.BootLanguageServerBootApp

Host: Intel(R) Xeon(R) Gold 6154 CPU @ 3.00GHz, 4 cores, 7G,  Windows 10 , 64 bit Build 19041 (10.0.19041.3031)
Time: Thu Jun 29 18:09:07 2023 Pacific Daylight Time elapsed time: 1490.994474 seconds (0d 0h 24m 50s)

---------------  T H R E A D  ---------------

Current thread (0x0000021bc95b93f0):  VMThread "VM Thread" [stack: 0x000000b16b700000,0x000000b16b800000] [id=21260]

Stack: [0x000000b16b700000,0x000000b16b800000]
Native frames: (J=compiled Java code, j=interpreted, Vv=VM code, C=native code)
V  [jvm.dll+0x67754a]
V  [jvm.dll+0x834304]
V  [jvm.dll+0x835aae]
V  [jvm.dll+0x836113]
V  [jvm.dll+0x24696f]
V  [jvm.dll+0xa681f]
V  [jvm.dll+0x2f7481]
V  [jvm.dll+0x2f30f0]
V  [jvm.dll+0x2db6c7]
V  [jvm.dll+0x31e777]
V  [jvm.dll+0x83a5bb]
V  [jvm.dll+0x83b2f4]
V  [jvm.dll+0x83b80c]
V  [jvm.dll+0x83bbe4]
V  [jvm.dll+0x83bcb0]
V  [jvm.dll+0x7e4e7a]
V  [jvm.dll+0x676395]
C  [ucrtbase.dll+0x21bb2]
C  [KERNEL32.DLL+0x17614]
C  [ntdll.dll+0x526f1]

VM_Operation (0x000000b16c9fee70): G1CollectFull, mode: safepoint, requested by thread 0x0000021bcf0c8fe0


---------------  P R O C E S S  ---------------

Threads class SMR info:
_java_thread_list=0x0000021bcf3086c0, length=18, elements={
0x0000021bc9620680, 0x0000021bc9621400, 0x0000021bc9653010, 0x0000021bc9653d90,
0x0000021bc9655760, 0x0000021bc9656020, 0x0000021bc9656990, 0x0000021bc961c970,
0x0000021bc985b140, 0x0000021bc986af50, 0x0000021bcf09ed70, 0x0000021bcf1256c0,
0x0000021bcf0c8fe0, 0x0000021bcf2bcfd0, 0x0000021bbf0b4ce0, 0x0000021bcf0e6cf0,
0x0000021bcf357830, 0x0000021bcf384690
}

Java Threads: ( => current thread )
  0x0000021bc9620680 JavaThread "Reference Handler" daemon [_thread_blocked, id=4980, stack(0x000000b16b800000,0x000000b16b900000)]
  0x0000021bc9621400 JavaThread "Finalizer" daemon [_thread_blocked, id=14848, stack(0x000000b16b900000,0x000000b16ba00000)]
  0x0000021bc9653010 JavaThread "Signal Dispatcher" daemon [_thread_blocked, id=18740, stack(0x000000b16ba00000,0x000000b16bb00000)]
  0x0000021bc9653d90 JavaThread "Attach Listener" daemon [_thread_blocked, id=12188, stack(0x000000b16bb00000,0x000000b16bc00000)]
  0x0000021bc9655760 JavaThread "Service Thread" daemon [_thread_blocked, id=13152, stack(0x000000b16bc00000,0x000000b16bd00000)]
  0x0000021bc9656020 JavaThread "Monitor Deflation Thread" daemon [_thread_blocked, id=3912, stack(0x000000b16bd00000,0x000000b16be00000)]
  0x0000021bc9656990 JavaThread "C1 CompilerThread0" daemon [_thread_blocked, id=15868, stack(0x000000b16be00000,0x000000b16bf00000)]
  0x0000021bc961c970 JavaThread "Sweeper thread" daemon [_thread_blocked, id=14712, stack(0x000000b16bf00000,0x000000b16c000000)]
  0x0000021bc985b140 JavaThread "Notification Thread" daemon [_thread_blocked, id=20984, stack(0x000000b16c000000,0x000000b16c100000)]
  0x0000021bc986af50 JavaThread "Common-Cleaner" daemon [_thread_blocked, id=14432, stack(0x000000b16c200000,0x000000b16c300000)]
  0x0000021bcf09ed70 JavaThread "boundedElastic-evictor-1" daemon [_thread_blocked, id=17136, stack(0x000000b16c700000,0x000000b16c800000)]
  0x0000021bcf1256c0 JavaThread "boundedElastic-evictor-2" daemon [_thread_blocked, id=19852, stack(0x000000b16c800000,0x000000b16c900000)]
  0x0000021bcf0c8fe0 JavaThread "pool-10-thread-1" [_thread_blocked, id=9892, stack(0x000000b16c900000,0x000000b16ca00000)]
  0x0000021bcf2bcfd0 JavaThread "LanguageServerApp-lifecycle" [_thread_blocked, id=14220, stack(0x000000b16ca00000,0x000000b16cb00000)]
  0x0000021bbf0b4ce0 JavaThread "DestroyJavaVM" [_thread_blocked, id=13684, stack(0x000000b16b100000,0x000000b16b200000)]
  0x0000021bcf0e6cf0 JavaThread "pool-11-thread-1" [_thread_in_native, id=10920, stack(0x000000b16cb00000,0x000000b16cc00000)]
  0x0000021bcf357830 JavaThread "Simple-Language-Server main thread" daemon [_thread_blocked, id=3792, stack(0x000000b16cc00000,0x000000b16cd00000)]
  0x0000021bcf384690 JavaThread "pool-6-thread-1" [_thread_blocked, id=1796, stack(0x000000b16cd00000,0x000000b16ce00000)]

Other Threads:
=>0x0000021bc95b93f0 VMThread "VM Thread" [stack: 0x000000b16b700000,0x000000b16b800000] [id=21260]
  0x0000021bc985b610 WatcherThread [stack: 0x000000b16c100000,0x000000b16c200000] [id=21328]
  0x0000021bbf0f1570 GCTaskThread "GC Thread#0" [stack: 0x000000b16b200000,0x000000b16b300000] [id=20048]
  0x0000021bc9a1ec30 GCTaskThread "GC Thread#1" [stack: 0x000000b16c300000,0x000000b16c400000] [id=8956]
  0x0000021bce4e24a0 GCTaskThread "GC Thread#2" [stack: 0x000000b16c400000,0x000000b16c500000] [id=20564]
  0x0000021bce674800 GCTaskThread "GC Thread#3" [stack: 0x000000b16c500000,0x000000b16c600000] [id=20720]
  0x0000021bbf0fa3c0 ConcurrentGCThread "G1 Main Marker" [stack: 0x000000b16b300000,0x000000b16b400000] [id=11384]
  0x0000021bbf0face0 ConcurrentGCThread "G1 Conc#0" [stack: 0x000000b16b400000,0x000000b16b500000] [id=17372]
  0x0000021bbf12d920 ConcurrentGCThread "G1 Refine#0" [stack: 0x000000b16b500000,0x000000b16b600000] [id=21248]
  0x0000021bbf12e250 ConcurrentGCThread "G1 Service" [stack: 0x000000b16b600000,0x000000b16b700000] [id=20188]

Threads with active compile tasks:

VM state: at safepoint (normal execution)

VM Mutex/Monitor currently owned by a thread:  ([mutex/lock_event])
[0x0000021bbce14dd0] Threads_lock - owner thread: 0x0000021bc95b93f0
[0x0000021bbf0b3ae0] Heap_lock - owner thread: 0x0000021bcf0c8fe0

Heap address: 0x00000000c0000000, size: 1024 MB, Compressed Oops mode: 32-bit

CDS archive(s) not mapped
Compressed class space mapped at: 0x0000000100000000-0x0000000140000000, reserved size: 1073741824
Narrow klass base: 0x0000000000000000, Narrow klass shift: 3, Narrow klass range: 0x140000000

GC Precious Log:
 CPUs: 4 total, 4 available
 Memory: 8191M
 Large Page Support: Disabled
 NUMA Support: Disabled
 Compressed Oops: Enabled (32-bit)
 Heap Region Size: 1M
 Heap Min Capacity: 8M
 Heap Initial Capacity: 128M
 Heap Max Capacity: 1G
 Pre-touch: Disabled
 Parallel Workers: 4
 Concurrent Workers: 1
 Concurrent Refinement Workers: 4
 Periodic GC: Disabled

Heap:
 garbage-first heap   total 58368K, used 18177K [0x00000000c0000000, 0x0000000100000000)
  region size 1024K, 1 young (1024K), 0 survivors (0K)
 Metaspace       used 37118K, committed 37632K, reserved 1114112K
  class space    used 4807K, committed 4992K, reserved 1048576K

Heap Regions: E=young(eden), S=young(survivor), O=old, HS=humongous(starts), HC=humongous(continues), CS=collection set, F=free, OA=open archive, CA=closed archive, TAMS=top-at-mark-start (previous, next)
|   0|0x00000000c0000000, 0x00000000c0100000, 0x00000000c0100000|100%|HS|  |TAMS 0x00000000c0100000, 0x00000000c0000000| Untracked 
|   1|0x00000000c0100000, 0x00000000c0200000, 0x00000000c0200000|100%| O|  |TAMS 0x00000000c0200000, 0x00000000c0100000| Untracked 
|   2|0x00000000c0200000, 0x00000000c02fffe0, 0x00000000c0300000| 99%| O|  |TAMS 0x00000000c02fffe0, 0x00000000c0200000| Untracked 
|   3|0x00000000c0300000, 0x00000000c03fbb78, 0x00000000c0400000| 98%| O|  |TAMS 0x00000000c03fbb78, 0x00000000c0300000| Untracked 
|   4|0x00000000c0400000, 0x00000000c0500000, 0x00000000c0500000|100%| O|  |TAMS 0x00000000c0500000, 0x00000000c0400000| Untracked 
|   5|0x00000000c0500000, 0x00000000c0600000, 0x00000000c0600000|100%| O|  |TAMS 0x00000000c0600000, 0x00000000c0500000| Untracked 
|   6|0x00000000c0600000, 0x00000000c0700000, 0x00000000c0700000|100%| O|  |TAMS 0x00000000c0700000, 0x00000000c0600000| Untracked 
|   7|0x00000000c0700000, 0x00000000c0800000, 0x00000000c0800000|100%| O|  |TAMS 0x00000000c0800000, 0x00000000c0700000| Untracked 
|   8|0x00000000c0800000, 0x00000000c08fffc8, 0x00000000c0900000| 99%| O|  |TAMS 0x00000000c08fffc8, 0x00000000c0800000| Untracked 
|   9|0x00000000c0900000, 0x00000000c0a00000, 0x00000000c0a00000|100%| O|  |TAMS 0x00000000c0a00000, 0x00000000c0900000| Untracked 
|  10|0x00000000c0a00000, 0x00000000c0affff0, 0x00000000c0b00000| 99%| O|  |TAMS 0x00000000c0affff0, 0x00000000c0a00000| Untracked 
|  11|0x00000000c0b00000, 0x00000000c0bfffe0, 0x00000000c0c00000| 99%| O|  |TAMS 0x00000000c0bfffe0, 0x00000000c0b00000| Untracked 
|  12|0x00000000c0c00000, 0x00000000c0cfffa8, 0x00000000c0d00000| 99%| O|  |TAMS 0x00000000c0cfffa8, 0x00000000c0c00000| Untracked 
|  13|0x00000000c0d00000, 0x00000000c0dfffe8, 0x00000000c0e00000| 99%| O|  |TAMS 0x00000000c0dfffe8, 0x00000000c0d00000| Untracked 
|  14|0x00000000c0e00000, 0x00000000c0efffd8, 0x00000000c0f00000| 99%| O|  |TAMS 0x00000000c0efffd8, 0x00000000c0e00000| Untracked 
|  15|0x00000000c0f00000, 0x00000000c0ffff20, 0x00000000c1000000| 99%| O|  |TAMS 0x00000000c0ffff20, 0x00000000c0f00000| Untracked 
|  16|0x00000000c1000000, 0x00000000c10fffa8, 0x00000000c1100000| 99%| O|  |TAMS 0x00000000c10fffa8, 0x00000000c1000000| Untracked 
|  17|0x00000000c1100000, 0x00000000c1144318, 0x00000000c1200000| 26%| O|  |TAMS 0x00000000c1100000, 0x00000000c1100000| Untracked 
|  18|0x00000000c1200000, 0x00000000c1280828, 0x00000000c1300000| 50%| O|  |TAMS 0x00000000c1200000, 0x00000000c1200000| Untracked 
|  19|0x00000000c1300000, 0x00000000c1300000, 0x00000000c1400000|  0%| F|  |TAMS 0x00000000c1300000, 0x00000000c1300000| Untracked 
|  20|0x00000000c1400000, 0x00000000c1400000, 0x00000000c1500000|  0%| F|  |TAMS 0x00000000c1400000, 0x00000000c1400000| Untracked 
|  21|0x00000000c1500000, 0x00000000c1500000, 0x00000000c1600000|  0%| F|  |TAMS 0x00000000c1500000, 0x00000000c1500000| Untracked 
|  22|0x00000000c1600000, 0x00000000c1600000, 0x00000000c1700000|  0%| F|  |TAMS 0x00000000c1600000, 0x00000000c1600000| Untracked 
|  23|0x00000000c1700000, 0x00000000c1700000, 0x00000000c1800000|  0%| F|  |TAMS 0x00000000c1700000, 0x00000000c1700000| Untracked 
|  24|0x00000000c1800000, 0x00000000c1800000, 0x00000000c1900000|  0%| F|  |TAMS 0x00000000c1800000, 0x00000000c1800000| Untracked 
|  25|0x00000000c1900000, 0x00000000c1900000, 0x00000000c1a00000|  0%| F|  |TAMS 0x00000000c1900000, 0x00000000c1900000| Untracked 
|  26|0x00000000c1a00000, 0x00000000c1a00000, 0x00000000c1b00000|  0%| F|  |TAMS 0x00000000c1a00000, 0x00000000c1a00000| Untracked 
|  27|0x00000000c1b00000, 0x00000000c1b00000, 0x00000000c1c00000|  0%| F|  |TAMS 0x00000000c1b00000, 0x00000000c1b00000| Untracked 
|  28|0x00000000c1c00000, 0x00000000c1c00000, 0x00000000c1d00000|  0%| F|  |TAMS 0x00000000c1c00000, 0x00000000c1c00000| Untracked 
|  29|0x00000000c1d00000, 0x00000000c1d00000, 0x00000000c1e00000|  0%| F|  |TAMS 0x00000000c1d00000, 0x00000000c1d00000| Untracked 
|  30|0x00000000c1e00000, 0x00000000c1e00000, 0x00000000c1f00000|  0%| F|  |TAMS 0x00000000c1e00000, 0x00000000c1e00000| Untracked 
|  31|0x00000000c1f00000, 0x00000000c1f00000, 0x00000000c2000000|  0%| F|  |TAMS 0x00000000c1f00000, 0x00000000c1f00000| Untracked 
|  32|0x00000000c2000000, 0x00000000c2000000, 0x00000000c2100000|  0%| F|  |TAMS 0x00000000c2000000, 0x00000000c2000000| Untracked 
|  33|0x00000000c2100000, 0x00000000c2100000, 0x00000000c2200000|  0%| F|  |TAMS 0x00000000c2100000, 0x00000000c2100000| Untracked 
|  34|0x00000000c2200000, 0x00000000c2200000, 0x00000000c2300000|  0%| F|  |TAMS 0x00000000c2200000, 0x00000000c2200000| Untracked 
|  35|0x00000000c2300000, 0x00000000c2300000, 0x00000000c2400000|  0%| F|  |TAMS 0x00000000c2300000, 0x00000000c2300000| Untracked 
|  36|0x00000000c2400000, 0x00000000c2400000, 0x00000000c2500000|  0%| F|  |TAMS 0x00000000c2400000, 0x00000000c2400000| Untracked 
|  37|0x00000000c2500000, 0x00000000c2500000, 0x00000000c2600000|  0%| F|  |TAMS 0x00000000c2500000, 0x00000000c2500000| Untracked 
|  38|0x00000000c2600000, 0x00000000c2600000, 0x00000000c2700000|  0%| F|  |TAMS 0x00000000c2600000, 0x00000000c2600000| Untracked 
|  39|0x00000000c2700000, 0x00000000c2700000, 0x00000000c2800000|  0%| F|  |TAMS 0x00000000c2700000, 0x00000000c2700000| Untracked 
|  40|0x00000000c2800000, 0x00000000c2800000, 0x00000000c2900000|  0%| F|  |TAMS 0x00000000c2800000, 0x00000000c2800000| Untracked 
|  41|0x00000000c2900000, 0x00000000c2900000, 0x00000000c2a00000|  0%| F|  |TAMS 0x00000000c2900000, 0x00000000c2900000| Untracked 
|  42|0x00000000c2a00000, 0x00000000c2a00000, 0x00000000c2b00000|  0%| F|  |TAMS 0x00000000c2a00000, 0x00000000c2a00000| Untracked 
|  43|0x00000000c2b00000, 0x00000000c2b00000, 0x00000000c2c00000|  0%| F|  |TAMS 0x00000000c2b00000, 0x00000000c2b00000| Untracked 
|  44|0x00000000c2c00000, 0x00000000c2c00000, 0x00000000c2d00000|  0%| F|  |TAMS 0x00000000c2c00000, 0x00000000c2c00000| Untracked 
|  45|0x00000000c2d00000, 0x00000000c2d00000, 0x00000000c2e00000|  0%| F|  |TAMS 0x00000000c2d00000, 0x00000000c2d00000| Untracked 
|  46|0x00000000c2e00000, 0x00000000c2e00000, 0x00000000c2f00000|  0%| F|  |TAMS 0x00000000c2e00000, 0x00000000c2e00000| Untracked 
|  47|0x00000000c2f00000, 0x00000000c2f00000, 0x00000000c3000000|  0%| F|  |TAMS 0x00000000c2f00000, 0x00000000c2f00000| Untracked 
|  48|0x00000000c3000000, 0x00000000c3000000, 0x00000000c3100000|  0%| F|  |TAMS 0x00000000c3000000, 0x00000000c3000000| Untracked 
|  89|0x00000000c5900000, 0x00000000c5900000, 0x00000000c5a00000|  0%| F|  |TAMS 0x00000000c5900000, 0x00000000c5900000| Untracked 
|  90|0x00000000c5a00000, 0x00000000c5a00000, 0x00000000c5b00000|  0%| F|  |TAMS 0x00000000c5a00000, 0x00000000c5a00000| Untracked 
|  91|0x00000000c5b00000, 0x00000000c5b00000, 0x00000000c5c00000|  0%| F|  |TAMS 0x00000000c5b00000, 0x00000000c5b00000| Untracked 
|  92|0x00000000c5c00000, 0x00000000c5c00000, 0x00000000c5d00000|  0%| F|  |TAMS 0x00000000c5c00000, 0x00000000c5c00000| Untracked 
|  93|0x00000000c5d00000, 0x00000000c5d00000, 0x00000000c5e00000|  0%| F|  |TAMS 0x00000000c5d00000, 0x00000000c5d00000| Untracked 
|  94|0x00000000c5e00000, 0x00000000c5e00000, 0x00000000c5f00000|  0%| F|  |TAMS 0x00000000c5e00000, 0x00000000c5e00000| Untracked 
| 126|0x00000000c7e00000, 0x00000000c7e00000, 0x00000000c7f00000|  0%| F|  |TAMS 0x00000000c7e00000, 0x00000000c7e00000| Untracked 
| 127|0x00000000c7f00000, 0x00000000c7f1cf50, 0x00000000c8000000| 11%| E|  |TAMS 0x00000000c7f00000, 0x00000000c7f00000| Complete 

Card table byte_map: [0x0000021bc4cf0000,0x0000021bc4ef0000] _byte_map_base: 0x0000021bc46f0000

Marking Bits (Prev, Next): (CMBitMap*) 0x0000021bbf0f1ad0, (CMBitMap*) 0x0000021bbf0f1a90
 Prev Bits: [0x0000021bc60f0000, 0x0000021bc70f0000)
 Next Bits: [0x0000021bc50f0000, 0x0000021bc60f0000)

Polling page: 0x0000021bbe830000

Metaspace:

Usage:
  Non-class:     31.55 MB used.
      Class:      4.70 MB used.
       Both:     36.25 MB used.

Virtual space:
  Non-class space:       64.00 MB reserved,      31.88 MB ( 50%) committed,  1 nodes.
      Class space:        1.00 GB reserved,       4.88 MB ( <1%) committed,  1 nodes.
             Both:        1.06 GB reserved,      36.75 MB (  3%) committed. 

Chunk freelists:
   Non-Class:  15.58 MB
       Class:  11.07 MB
        Both:  26.65 MB

MaxMetaspaceSize: unlimited
CompressedClassSpaceSize: 1.00 GB
Initial GC threshold: 21.00 MB
Current GC threshold: 61.25 MB
CDS: off
MetaspaceReclaimPolicy: balanced
 - commit_granule_bytes: 65536.
 - commit_granule_words: 8192.
 - virtual_space_node_default_size: 8388608.
 - enlarge_chunks_in_place: 1.
 - new_chunks_are_fully_committed: 0.
 - uncommit_free_chunks: 1.
 - use_allocation_guard: 0.
 - handle_deallocations: 1.


Internal statistics:

num_allocs_failed_limit: 6.
num_arena_births: 464.
num_arena_deaths: 132.
num_vsnodes_births: 2.
num_vsnodes_deaths: 0.
num_space_committed: 588.
num_space_uncommitted: 0.
num_chunks_returned_to_freelist: 154.
num_chunks_taken_from_freelist: 1568.
num_chunk_merges: 51.
num_chunk_splits: 1071.
num_chunks_enlarged: 799.
num_inconsistent_stats: 0.

CodeCache: size=49152Kb used=6624Kb max_used=7048Kb free=42527Kb
 bounds [0x0000021bc1cf0000, 0x0000021bc23e0000, 0x0000021bc4cf0000]
 total_blobs=4085 nmethods=3550 adapters=462
 compilation: enabled
              stopped_count=0, restarted_count=0
 full_count=0

Compilation events (20 events):
Event: 1315.369 Thread 0x0000021bc9656990 3541       1       java.util.concurrent.locks.AbstractQueuedSynchronizer$ConditionObject::unlinkCancelledWaiters (91 bytes)
Event: 1315.369 Thread 0x0000021bc9656990 nmethod 3541 0x0000021bc1f97810 code [0x0000021bc1f979c0, 0x0000021bc1f97c58]
Event: 1315.369 Thread 0x0000021bc9656990 3542   !   1       java.util.concurrent.FutureTask::runAndReset (125 bytes)
Event: 1315.370 Thread 0x0000021bc9656990 nmethod 3542 0x0000021bc1f96790 code [0x0000021bc1f96a00, 0x0000021bc1f97338]
Event: 1336.583 Thread 0x0000021bc9656990 3543       1       org.springframework.ide.vscode.commons.languageserver.util.SimpleLanguageServer::getParentProcessId (5 bytes)
Event: 1336.583 Thread 0x0000021bc9656990 nmethod 3543 0x0000021bc1f96490 code [0x0000021bc1f96620, 0x0000021bc1f966f8]
Event: 1367.433 Thread 0x0000021bc9656990 3544       1       java.io.FileInputStream::<init> (59 bytes)
Event: 1367.434 Thread 0x0000021bc9656990 nmethod 3544 0x0000021bc1f95b90 code [0x0000021bc1f95d80, 0x0000021bc1f96248]
Event: 1367.434 Thread 0x0000021bc9656990 3545       1       java.lang.Process$PipeInputStream::<init> (6 bytes)
Event: 1367.434 Thread 0x0000021bc9656990 nmethod 3545 0x0000021bc1f95890 code [0x0000021bc1f95a20, 0x0000021bc1f95b08]
Event: 1367.678 Thread 0x0000021bc9656990 3546       1       java.lang.ProcessImpl::exitValue (28 bytes)
Event: 1367.679 Thread 0x0000021bc9656990 nmethod 3546 0x0000021bc1f95490 code [0x0000021bc1f95640, 0x0000021bc1f95798]
Event: 1367.679 Thread 0x0000021bc9656990 3547       1       java.lang.ProcessImpl::getInputStream (5 bytes)
Event: 1367.679 Thread 0x0000021bc9656990 nmethod 3547 0x0000021bc1f95190 code [0x0000021bc1f95320, 0x0000021bc1f953f8]
Event: 1367.679 Thread 0x0000021bc9656990 3548       1       java.lang.ProcessImpl::getErrorStream (5 bytes)
Event: 1367.679 Thread 0x0000021bc9656990 nmethod 3548 0x0000021bc1f94e90 code [0x0000021bc1f95020, 0x0000021bc1f950f8]
Event: 1367.679 Thread 0x0000021bc9656990 3549   !   1       com.google.common.io.Closeables::closeQuietly (19 bytes)
Event: 1367.679 Thread 0x0000021bc9656990 nmethod 3549 0x0000021bc1f94a90 code [0x0000021bc1f94c40, 0x0000021bc1f94db8]
Event: 1367.679 Thread 0x0000021bc9656990 3550       1       java.lang.ProcessImpl::getOutputStream (5 bytes)
Event: 1367.679 Thread 0x0000021bc9656990 nmethod 3550 0x0000021bc1f94790 code [0x0000021bc1f94920, 0x0000021bc1f949f8]

GC Heap History (20 events):
Event: 1388.254 GC heap before
{Heap before GC invocations=140 (full 129):
 garbage-first heap   total 58368K, used 18177K [0x00000000c0000000, 0x0000000100000000)
  region size 1024K, 1 young (1024K), 0 survivors (0K)
 Metaspace       used 37118K, committed 37632K, reserved 1114112K
  class space    used 4807K, committed 4992K, reserved 1048576K
}
Event: 1388.274 GC heap after
{Heap after GC invocations=141 (full 130):
 garbage-first heap   total 58368K, used 18177K [0x00000000c0000000, 0x0000000100000000)
  region size 1024K, 0 young (0K), 0 survivors (0K)
 Metaspace       used 37118K, committed 37632K, reserved 1114112K
  class space    used 4807K, committed 4992K, reserved 1048576K
}
Event: 1398.525 GC heap before
{Heap before GC invocations=141 (full 130):
 garbage-first heap   total 58368K, used 18177K [0x00000000c0000000, 0x0000000100000000)
  region size 1024K, 1 young (1024K), 0 survivors (0K)
 Metaspace       used 37118K, committed 37632K, reserved 1114112K
  class space    used 4807K, committed 4992K, reserved 1048576K
}
Event: 1398.544 GC heap after
{Heap after GC invocations=142 (full 131):
 garbage-first heap   total 58368K, used 18177K [0x00000000c0000000, 0x0000000100000000)
  region size 1024K, 0 young (0K), 0 survivors (0K)
 Metaspace       used 37118K, committed 37632K, reserved 1114112K
  class space    used 4807K, committed 4992K, reserved 1048576K
}
Event: 1408.829 GC heap before
{Heap before GC invocations=142 (full 131):
 garbage-first heap   total 58368K, used 18177K [0x00000000c0000000, 0x0000000100000000)
  region size 1024K, 1 young (1024K), 0 survivors (0K)
 Metaspace       used 37118K, committed 37632K, reserved 1114112K
  class space    used 4807K, committed 4992K, reserved 1048576K
}
Event: 1408.849 GC heap after
{Heap after GC invocations=143 (full 132):
 garbage-first heap   total 58368K, used 18177K [0x00000000c0000000, 0x0000000100000000)
  region size 1024K, 0 young (0K), 0 survivors (0K)
 Metaspace       used 37118K, committed 37632K, reserved 1114112K
  class space    used 4807K, committed 4992K, reserved 1048576K
}
Event: 1419.108 GC heap before
{Heap before GC invocations=143 (full 132):
 garbage-first heap   total 58368K, used 18177K [0x00000000c0000000, 0x0000000100000000)
  region size 1024K, 1 young (1024K), 0 survivors (0K)
 Metaspace       used 37118K, committed 37632K, reserved 1114112K
  class space    used 4807K, committed 4992K, reserved 1048576K
}
Event: 1419.127 GC heap after
{Heap after GC invocations=144 (full 133):
 garbage-first heap   total 58368K, used 18177K [0x00000000c0000000, 0x0000000100000000)
  region size 1024K, 0 young (0K), 0 survivors (0K)
 Metaspace       used 37118K, committed 37632K, reserved 1114112K
  class space    used 4807K, committed 4992K, reserved 1048576K
}
Event: 1429.410 GC heap before
{Heap before GC invocations=144 (full 133):
 garbage-first heap   total 58368K, used 18177K [0x00000000c0000000, 0x0000000100000000)
  region size 1024K, 1 young (1024K), 0 survivors (0K)
 Metaspace       used 37118K, committed 37632K, reserved 1114112K
  class space    used 4807K, committed 4992K, reserved 1048576K
}
Event: 1429.432 GC heap after
{Heap after GC invocations=145 (full 134):
 garbage-first heap   total 58368K, used 18177K [0x00000000c0000000, 0x0000000100000000)
  region size 1024K, 0 young (0K), 0 survivors (0K)
 Metaspace       used 37118K, committed 37632K, reserved 1114112K
  class space    used 4807K, committed 4992K, reserved 1048576K
}
Event: 1439.685 GC heap before
{Heap before GC invocations=145 (full 134):
 garbage-first heap   total 58368K, used 18177K [0x00000000c0000000, 0x0000000100000000)
  region size 1024K, 1 young (1024K), 0 survivors (0K)
 Metaspace       used 37118K, committed 37632K, reserved 1114112K
  class space    used 4807K, committed 4992K, reserved 1048576K
}
Event: 1439.704 GC heap after
{Heap after GC invocations=146 (full 135):
 garbage-first heap   total 58368K, used 18177K [0x00000000c0000000, 0x0000000100000000)
  region size 1024K, 0 young (0K), 0 survivors (0K)
 Metaspace       used 37118K, committed 37632K, reserved 1114112K
  class space    used 4807K, committed 4992K, reserved 1048576K
}
Event: 1449.969 GC heap before
{Heap before GC invocations=146 (full 135):
 garbage-first heap   total 58368K, used 18177K [0x00000000c0000000, 0x0000000100000000)
  region size 1024K, 1 young (1024K), 0 survivors (0K)
 Metaspace       used 37118K, committed 37632K, reserved 1114112K
  class space    used 4807K, committed 4992K, reserved 1048576K
}
Event: 1449.988 GC heap after
{Heap after GC invocations=147 (full 136):
 garbage-first heap   total 58368K, used 18177K [0x00000000c0000000, 0x0000000100000000)
  region size 1024K, 0 young (0K), 0 survivors (0K)
 Metaspace       used 37118K, committed 37632K, reserved 1114112K
  class space    used 4807K, committed 4992K, reserved 1048576K
}
Event: 1460.241 GC heap before
{Heap before GC invocations=147 (full 136):
 garbage-first heap   total 58368K, used 18177K [0x00000000c0000000, 0x0000000100000000)
  region size 1024K, 1 young (1024K), 0 survivors (0K)
 Metaspace       used 37118K, committed 37632K, reserved 1114112K
  class space    used 4807K, committed 4992K, reserved 1048576K
}
Event: 1460.260 GC heap after
{Heap after GC invocations=148 (full 137):
 garbage-first heap   total 58368K, used 18177K [0x00000000c0000000, 0x0000000100000000)
  region size 1024K, 0 young (0K), 0 survivors (0K)
 Metaspace       used 37118K, committed 37632K, reserved 1114112K
  class space    used 4807K, committed 4992K, reserved 1048576K
}
Event: 1470.518 GC heap before
{Heap before GC invocations=148 (full 137):
 garbage-first heap   total 58368K, used 18177K [0x00000000c0000000, 0x0000000100000000)
  region size 1024K, 1 young (1024K), 0 survivors (0K)
 Metaspace       used 37118K, committed 37632K, reserved 1114112K
  class space    used 4807K, committed 4992K, reserved 1048576K
}
Event: 1470.537 GC heap after
{Heap after GC invocations=149 (full 138):
 garbage-first heap   total 58368K, used 18177K [0x00000000c0000000, 0x0000000100000000)
  region size 1024K, 0 young (0K), 0 survivors (0K)
 Metaspace       used 37118K, committed 37632K, reserved 1114112K
  class space    used 4807K, committed 4992K, reserved 1048576K
}
Event: 1480.836 GC heap before
{Heap before GC invocations=149 (full 138):
 garbage-first heap   total 58368K, used 18177K [0x00000000c0000000, 0x0000000100000000)
  region size 1024K, 1 young (1024K), 0 survivors (0K)
 Metaspace       used 37118K, committed 37632K, reserved 1114112K
  class space    used 4807K, committed 4992K, reserved 1048576K
}
Event: 1480.856 GC heap after
{Heap after GC invocations=150 (full 139):
 garbage-first heap   total 58368K, used 18177K [0x00000000c0000000, 0x0000000100000000)
  region size 1024K, 0 young (0K), 0 survivors (0K)
 Metaspace       used 37118K, committed 37632K, reserved 1114112K
  class space    used 4807K, committed 4992K, reserved 1048576K
}

Dll operation events (7 events):
Event: 0.336 Loaded shared library c:\Users\Dinma\.vscode\extensions\redhat.java-1.20.0-win32-x64\jre\17.0.7-win32-x86_64\bin\java.dll
Event: 1.009 Loaded shared library C:\Users\Dinma\.vscode\extensions\redhat.java-1.20.0-win32-x64\jre\17.0.7-win32-x86_64\bin\net.dll
Event: 1.059 Loaded shared library C:\Users\Dinma\.vscode\extensions\redhat.java-1.20.0-win32-x64\jre\17.0.7-win32-x86_64\bin\nio.dll
Event: 1.523 Loaded shared library C:\Users\Dinma\.vscode\extensions\redhat.java-1.20.0-win32-x64\jre\17.0.7-win32-x86_64\bin\zip.dll
Event: 8.073 Loaded shared library C:\Users\Dinma\.vscode\extensions\redhat.java-1.20.0-win32-x64\jre\17.0.7-win32-x86_64\bin\jimage.dll
Event: 15.521 Loaded shared library C:\Users\Dinma\.vscode\extensions\redhat.java-1.20.0-win32-x64\jre\17.0.7-win32-x86_64\bin\management.dll
Event: 15.566 Loaded shared library C:\Users\Dinma\.vscode\extensions\redhat.java-1.20.0-win32-x64\jre\17.0.7-win32-x86_64\bin\management_ext.dll

Deoptimization events (4 events):
Event: 10.954 Thread 0x0000021bbf0b4ce0 DEOPT PACKING pc=0x0000021bc226ff99 sp=0x000000b16b1fd4e0
Event: 10.954 Thread 0x0000021bbf0b4ce0 DEOPT UNPACKING pc=0x0000021bc1d47143 sp=0x000000b16b1fc9c0 mode 3
Event: 16.049 Thread 0x0000021bcf357830 DEOPT PACKING pc=0x0000021bc23cc235 sp=0x000000b16ccfd0e0
Event: 16.049 Thread 0x0000021bcf357830 DEOPT UNPACKING pc=0x0000021bc1d47143 sp=0x000000b16ccfc608 mode 3

Classes unloaded (20 events):
Event: 66.208 Thread 0x0000021bc95b93f0 Unloading class 0x0000000100220800 'java/lang/invoke/LambdaForm$MH+0x0000000100220800'
Event: 66.208 Thread 0x0000021bc95b93f0 Unloading class 0x0000000100215000 'java/lang/invoke/LambdaForm$DMH+0x0000000100215000'
Event: 66.208 Thread 0x0000021bc95b93f0 Unloading class 0x0000000100091c00 'java/lang/invoke/LambdaForm$MH+0x0000000100091c00'
Event: 66.208 Thread 0x0000021bc95b93f0 Unloading class 0x0000000100091800 'java/lang/invoke/LambdaForm$MH+0x0000000100091800'
Event: 66.208 Thread 0x0000021bc95b93f0 Unloading class 0x0000000100091400 'java/lang/invoke/LambdaForm$MH+0x0000000100091400'
Event: 66.208 Thread 0x0000021bc95b93f0 Unloading class 0x0000000100091000 'java/lang/invoke/LambdaForm$MH+0x0000000100091000'
Event: 66.208 Thread 0x0000021bc95b93f0 Unloading class 0x0000000100090c00 'java/lang/invoke/LambdaForm$MH+0x0000000100090c00'
Event: 66.208 Thread 0x0000021bc95b93f0 Unloading class 0x0000000100090800 'java/lang/invoke/LambdaForm$MH+0x0000000100090800'
Event: 66.208 Thread 0x0000021bc95b93f0 Unloading class 0x0000000100090400 'java/lang/invoke/LambdaForm$MH+0x0000000100090400'
Event: 66.208 Thread 0x0000021bc95b93f0 Unloading class 0x0000000100090000 'java/lang/invoke/LambdaForm$MH+0x0000000100090000'
Event: 66.208 Thread 0x0000021bc95b93f0 Unloading class 0x000000010008b800 'java/lang/invoke/LambdaForm$MH+0x000000010008b800'
Event: 66.208 Thread 0x0000021bc95b93f0 Unloading class 0x000000010008b400 'java/lang/invoke/LambdaForm$MH+0x000000010008b400'
Event: 66.208 Thread 0x0000021bc95b93f0 Unloading class 0x000000010008b000 'java/lang/invoke/LambdaForm$MH+0x000000010008b000'
Event: 66.208 Thread 0x0000021bc95b93f0 Unloading class 0x000000010008ac00 'java/lang/invoke/LambdaForm$MH+0x000000010008ac00'
Event: 66.208 Thread 0x0000021bc95b93f0 Unloading class 0x000000010008a800 'java/lang/invoke/LambdaForm$MH+0x000000010008a800'
Event: 66.208 Thread 0x0000021bc95b93f0 Unloading class 0x000000010008a400 'java/lang/invoke/LambdaForm$MH+0x000000010008a400'
Event: 66.208 Thread 0x0000021bc95b93f0 Unloading class 0x0000000100089c00 'java/lang/invoke/LambdaForm$MH+0x0000000100089c00'
Event: 66.208 Thread 0x0000021bc95b93f0 Unloading class 0x0000000100089400 'java/lang/invoke/LambdaForm$MH+0x0000000100089400'
Event: 66.208 Thread 0x0000021bc95b93f0 Unloading class 0x0000000100088c00 'java/lang/invoke/LambdaForm$MH+0x0000000100088c00'
Event: 66.208 Thread 0x0000021bc95b93f0 Unloading class 0x0000000100088400 'java/lang/invoke/LambdaForm$MH+0x0000000100088400'

Classes redefined (0 events):
No events

Internal exceptions (20 events):
Event: 12.588 Thread 0x0000021bbf0b4ce0 Exception <a 'java/lang/NoSuchMethodError'{0x00000000c2a20b38}: 'int java.lang.invoke.Invokers$Holder.linkToTargetMethod(java.lang.Object, java.lang.Object)'> (0x00000000c2a20b38) 
thrown [s\src\hotspot\share\interpreter\linkResolver.cpp, line 759]
Event: 12.616 Thread 0x0000021bbf0b4ce0 Exception <a 'java/lang/NoSuchMethodError'{0x00000000c2af0a30}: 'java.lang.Object java.lang.invoke.DirectMethodHandle$Holder.invokeSpecial(java.lang.Object, java.lang.Object, java.lang.Object, java.lang.Object, java.lang.Object, java.lang.Object, java.lang.Object, java.lang.Object, java.lang.Object, java.lang.Object)'> (0x00000000c2af0a30) 
thrown [s\src\hotspot\share\interpreter\linkResolver.cpp, line 759]
Event: 12.616 Thread 0x0000021bbf0b4ce0 Exception <a 'java/lang/NoSuchMethodError'{0x00000000c2af5018}: 'java.lang.Object java.lang.invoke.Invokers$Holder.invoke_MT(java.lang.Object, java.lang.Object, java.lang.Object, java.lang.Object, java.lang.Object, java.lang.Object, java.lang.Object, java.lang.Object, java.lang.Object, java.lang.Object)'> (0x00000000c2af5018) 
thrown [s\src\hotspot\share\interpreter\linkResolver.cpp, line 759]
Event: 12.621 Thread 0x0000021bbf0b4ce0 Exception <a 'java/lang/NoSuchMethodError'{0x00000000c293a6a0}: 'java.lang.Object java.lang.invoke.DirectMethodHandle$Holder.invokeSpecial(java.lang.Object, java.lang.Object, int, java.lang.Object, java.lang.Object)'> (0x00000000c293a6a0) 
thrown [s\src\hotspot\share\interpreter\linkResolver.cpp, line 759]
Event: 12.622 Thread 0x0000021bbf0b4ce0 Exception <a 'java/lang/NoSuchMethodError'{0x00000000c293e348}: 'java.lang.Object java.lang.invoke.DelegatingMethodHandle$Holder.delegate(java.lang.Object, int, java.lang.Object, java.lang.Object)'> (0x00000000c293e348) 
thrown [s\src\hotspot\share\interpreter\linkResolver.cpp, line 759]
Event: 12.623 Thread 0x0000021bbf0b4ce0 Exception <a 'java/lang/NoSuchMethodError'{0x00000000c294f1d0}: 'int java.lang.invoke.Invokers$Holder.linkToTargetMethod(java.lang.Object, java.lang.Object, java.lang.Object)'> (0x00000000c294f1d0) 
thrown [s\src\hotspot\share\interpreter\linkResolver.cpp, line 759]
Event: 12.724 Thread 0x0000021bbf0b4ce0 Exception <a 'java/lang/NoSuchMethodError'{0x00000000c27b8740}: 'void java.lang.invoke.DirectMethodHandle$Holder.invokeSpecial(java.lang.Object, java.lang.Object, java.lang.Object, java.lang.Object, java.lang.Object, java.lang.Object)'> (0x00000000c27b8740) 
thrown [s\src\hotspot\share\interpreter\linkResolver.cpp, line 759]
Event: 12.759 Thread 0x0000021bbf0b4ce0 Exception <a 'java/lang/NoSuchMethodError'{0x00000000c2554ef8}: 'java.lang.Object java.lang.invoke.DirectMethodHandle$Holder.invokeStaticInit(java.lang.Object, int, int, int, int)'> (0x00000000c2554ef8) 
thrown [s\src\hotspot\share\interpreter\linkResolver.cpp, line 759]
Event: 13.005 Thread 0x0000021bbf0b4ce0 Exception <a 'java/lang/NoSuchMethodError'{0x00000000c25fd8b8}: 'java.lang.Object java.lang.invoke.DirectMethodHandle$Holder.invokeStaticInit(java.lang.Object, java.lang.Object, int, int, int, int)'> (0x00000000c25fd8b8) 
thrown [s\src\hotspot\share\interpreter\linkResolver.cpp, line 759]
Event: 13.327 Thread 0x0000021bbf0b4ce0 Exception <a 'java/lang/NoSuchMethodError'{0x00000000c5a8eea8}: 'void java.lang.invoke.DirectMethodHandle$Holder.invokeSpecialIFC(java.lang.Object, java.lang.Object, java.lang.Object)'> (0x00000000c5a8eea8) 
thrown [s\src\hotspot\share\interpreter\linkResolver.cpp, line 759]
Event: 14.479 Thread 0x0000021bbf0b4ce0 Exception <a 'java/lang/NoSuchMethodError'{0x00000000c5c4c5e8}: 'void java.lang.invoke.DirectMethodHandle$Holder.invokeSpecial(java.lang.Object, java.lang.Object, java.lang.Object, java.lang.Object, java.lang.Object, java.lang.Object, java.lang.Object)'> (0x00000000c5c4c5e8) 
thrown [s\src\hotspot\share\interpreter\linkResolver.cpp, line 759]
Event: 15.136 Thread 0x0000021bbf0b4ce0 Exception <a 'java/lang/NoSuchMethodError'{0x00000000c59167b0}: 'java.lang.Object java.lang.invoke.DirectMethodHandle$Holder.invokeInterface(java.lang.Object, java.lang.Object, int)'> (0x00000000c59167b0) 
thrown [s\src\hotspot\share\interpreter\linkResolver.cpp, line 759]
Event: 15.137 Thread 0x0000021bbf0b4ce0 Exception <a 'java/lang/IncompatibleClassChangeError'{0x00000000c5929528}: Found class java.lang.Object, but interface was expected> (0x00000000c5929528) 
thrown [s\src\hotspot\share\interpreter\linkResolver.cpp, line 826]
Event: 15.486 Thread 0x0000021bbf0b4ce0 Exception <a 'java/lang/NoSuchMethodError'{0x00000000c2d2c0c8}: 'java.lang.Object java.lang.invoke.DirectMethodHandle$Holder.newInvokeSpecial(java.lang.Object, java.lang.Object, int, java.lang.Object, java.lang.Object)'> (0x00000000c2d2c0c8) 
thrown [s\src\hotspot\share\interpreter\linkResolver.cpp, line 759]
Event: 15.487 Thread 0x0000021bbf0b4ce0 Exception <a 'java/lang/NoSuchMethodError'{0x00000000c2d3e110}: 'java.lang.Object java.lang.invoke.DirectMethodHandle$Holder.invokeSpecial(java.lang.Object, java.lang.Object, int, java.lang.Object, int, java.lang.Object)'> (0x00000000c2d3e110) 
thrown [s\src\hotspot\share\interpreter\linkResolver.cpp, line 759]
Event: 15.488 Thread 0x0000021bbf0b4ce0 Exception <a 'java/lang/NoSuchMethodError'{0x00000000c2d45f18}: 'java.lang.Object java.lang.invoke.DirectMethodHandle$Holder.newInvokeSpecial(java.lang.Object, java.lang.Object, int, java.lang.Object, int)'> (0x00000000c2d45f18) 
thrown [s\src\hotspot\share\interpreter\linkResolver.cpp, line 759]
Event: 15.488 Thread 0x0000021bbf0b4ce0 Exception <a 'java/lang/NoSuchMethodError'{0x00000000c2d4a018}: 'java.lang.Object java.lang.invoke.DirectMethodHandle$Holder.invokeSpecial(java.lang.Object, java.lang.Object, java.lang.Object, int, java.lang.Object, int)'> (0x00000000c2d4a018) 
thrown [s\src\hotspot\share\interpreter\linkResolver.cpp, line 759]
Event: 15.961 Thread 0x0000021bcf0e6cf0 Exception <a 'java/lang/NoSuchMethodError'{0x00000000c59b32a8}: 'java.lang.Object java.lang.invoke.DirectMethodHandle$Holder.invokeStatic(java.lang.Object, java.lang.Object, java.lang.Object, int, java.lang.Object, java.lang.Object)'> (0x00000000c59b32a8) 
thrown [s\src\hotspot\share\interpreter\linkResolver.cpp, line 759]
Event: 55.520 Thread 0x0000021bcf0c8fe0 Exception <a 'java/lang/NoSuchMethodError'{0x00000000c2e0ef30}: 'void java.lang.invoke.DirectMethodHandle$Holder.invokeStatic(java.lang.Object, long)'> (0x00000000c2e0ef30) 
thrown [s\src\hotspot\share\interpreter\linkResolver.cpp, line 759]
Event: 55.521 Thread 0x0000021bcf0c8fe0 Exception <a 'java/lang/NoSuchMethodError'{0x00000000c2e142d8}: 'java.lang.Object java.lang.invoke.DirectMethodHandle$Holder.newInvokeSpecial(java.lang.Object, long)'> (0x00000000c2e142d8) 
thrown [s\src\hotspot\share\interpreter\linkResolver.cpp, line 759]

VM Operations (20 events):
Event: 1388.274 Executing VM operation: G1CollectFull done
Event: 1398.525 Executing VM operation: G1CollectFull
Event: 1398.544 Executing VM operation: G1CollectFull done
Event: 1408.829 Executing VM operation: G1CollectFull
Event: 1408.849 Executing VM operation: G1CollectFull done
Event: 1419.107 Executing VM operation: G1CollectFull
Event: 1419.127 Executing VM operation: G1CollectFull done
Event: 1429.410 Executing VM operation: G1CollectFull
Event: 1429.433 Executing VM operation: G1CollectFull done
Event: 1439.685 Executing VM operation: G1CollectFull
Event: 1439.704 Executing VM operation: G1CollectFull done
Event: 1449.969 Executing VM operation: G1CollectFull
Event: 1449.988 Executing VM operation: G1CollectFull done
Event: 1460.241 Executing VM operation: G1CollectFull
Event: 1460.261 Executing VM operation: G1CollectFull done
Event: 1470.518 Executing VM operation: G1CollectFull
Event: 1470.537 Executing VM operation: G1CollectFull done
Event: 1480.836 Executing VM operation: G1CollectFull
Event: 1480.856 Executing VM operation: G1CollectFull done
Event: 1490.984 Executing VM operation: G1CollectFull

Events (20 events):
Event: 16.054 loading class java/util/concurrent/ForkJoinPool$DefaultCommonPoolForkJoinWorkerThreadFactory$1
Event: 16.054 loading class java/util/concurrent/ForkJoinPool$DefaultCommonPoolForkJoinWorkerThreadFactory$1 done
Event: 16.055 Thread 0x0000021bcf37d020 Thread added: 0x0000021bcf37d020
Event: 16.085 loading class java/util/concurrent/CompletableFuture$UniRelay
Event: 16.085 loading class java/util/concurrent/CompletableFuture$UniRelay done
Event: 21.581 Thread 0x0000021bce8ac7b0 Thread exited: 0x0000021bce8ac7b0
Event: 55.502 loading class java/lang/ProcessBuilder
Event: 55.503 loading class java/lang/ProcessBuilder done
Event: 55.503 loading class java/lang/ProcessImpl
Event: 55.504 loading class java/lang/ProcessImpl done
Event: 55.521 loading class java/lang/ProcessImpl$2
Event: 55.521 loading class java/lang/ProcessImpl$2 done
Event: 55.521 loading class java/lang/Process$PipeInputStream
Event: 55.521 loading class java/lang/Process$PipeInputStream done
Event: 55.522 loading class jdk/internal/event/ProcessStartEvent
Event: 55.522 loading class jdk/internal/event/ProcessStartEvent done
Event: 55.840 loading class java/io/FileOutputStream$1
Event: 55.840 loading class java/io/FileOutputStream$1 done
Event: 76.089 Thread 0x0000021bcf37d020 Thread exited: 0x0000021bcf37d020
Event: 76.579 Thread 0x0000021bcf37da10 Thread exited: 0x0000021bcf37da10


Dynamic libraries:
0x00007ff7eaa20000 - 0x00007ff7eaa2e000 	c:\Users\Dinma\.vscode\extensions\redhat.java-1.20.0-win32-x64\jre\17.0.7-win32-x86_64\bin\java.exe
0x00007fffce5b0000 - 0x00007fffce7a8000 	C:\Windows\SYSTEM32\ntdll.dll
0x00007fffcd400000 - 0x00007fffcd4bf000 	C:\Windows\System32\KERNEL32.DLL
0x00007fffcbde0000 - 0x00007fffcc0d6000 	C:\Windows\System32\KERNELBASE.dll
0x00007fffcc180000 - 0x00007fffcc280000 	C:\Windows\System32\ucrtbase.dll
0x00007fffb53a0000 - 0x00007fffb53b9000 	c:\Users\Dinma\.vscode\extensions\redhat.java-1.20.0-win32-x64\jre\17.0.7-win32-x86_64\bin\VCRUNTIME140.dll
0x00007fffb4b20000 - 0x00007fffb4b37000 	c:\Users\Dinma\.vscode\extensions\redhat.java-1.20.0-win32-x64\jre\17.0.7-win32-x86_64\bin\jli.dll
0x00007fffcccf0000 - 0x00007fffcce8d000 	C:\Windows\System32\USER32.dll
0x00007fffcbc90000 - 0x00007fffcbcb2000 	C:\Windows\System32\win32u.dll
0x00007fffcc670000 - 0x00007fffcc69c000 	C:\Windows\System32\GDI32.dll
0x00007fffcbcc0000 - 0x00007fffcbdd5000 	C:\Windows\System32\gdi32full.dll
0x00007fffcc4e0000 - 0x00007fffcc57d000 	C:\Windows\System32\msvcp_win.dll
0x00007fffc9860000 - 0x00007fffc9afa000 	C:\Windows\WinSxS\amd64_microsoft.windows.common-controls_6595b64144ccf1df_6.0.19041.1110_none_60b5254171f9507e\COMCTL32.dll
0x00007fffcd760000 - 0x00007fffcd7fe000 	C:\Windows\System32\msvcrt.dll
0x00007fffcd3b0000 - 0x00007fffcd3e0000 	C:\Windows\System32\IMM32.DLL
0x00007fffcbaa0000 - 0x00007fffcbad8000 	C:\Program Files\Citrix\System32\MfApHook64.dll
0x00007fffcb9c0000 - 0x00007fffcb9d2000 	C:\Program Files\Citrix\IcaService\FullScreenHook64.dll
0x00007fffce380000 - 0x00007fffce42f000 	C:\Windows\System32\ADVAPI32.dll
0x00007fffcc6a0000 - 0x00007fffcc73c000 	C:\Windows\System32\sechost.dll
0x00007fffce0a0000 - 0x00007fffce1c6000 	C:\Windows\System32\RPCRT4.dll
0x00007fffa2eb0000 - 0x00007fffa2f41000 	c:\Users\Dinma\.vscode\extensions\redhat.java-1.20.0-win32-x64\jre\17.0.7-win32-x86_64\bin\MSVCP140.dll
0x00007fffc44d0000 - 0x00007fffc44dc000 	c:\Users\Dinma\.vscode\extensions\redhat.java-1.20.0-win32-x64\jre\17.0.7-win32-x86_64\bin\VCRUNTIME140_1.dll
0x00007fffcb4f0000 - 0x00007fffcb51a000 	C:\Program Files\Citrix\ICAService\ShellHook64.dll
0x00007fffce430000 - 0x00007fffce485000 	C:\Windows\System32\SHLWAPI.dll
0x00007fffcb3e0000 - 0x00007fffcb4ef000 	C:\Program Files\Citrix\IcaService\SCardHook64.dll
0x00007fffcb240000 - 0x00007fffcb260000 	C:\Program Files\Citrix\ICAService\cxinjime64.dll
0x00007fffcb210000 - 0x00007fffcb236000 	C:\Program Files\Citrix\ICAService\PicaWtsHook64.dll
0x00007fff749d0000 - 0x00007fff75618000 	c:\Users\Dinma\.vscode\extensions\redhat.java-1.20.0-win32-x64\jre\17.0.7-win32-x86_64\bin\server\jvm.dll
0x00007fffc4c60000 - 0x00007fffc4c87000 	C:\Windows\SYSTEM32\WINMM.dll
0x00007fffcb880000 - 0x00007fffcb88a000 	C:\Windows\SYSTEM32\VERSION.dll
0x00007fffb9d10000 - 0x00007fffb9d19000 	C:\Windows\SYSTEM32\WSOCK32.dll
0x00007fffcd5e0000 - 0x00007fffcd64b000 	C:\Windows\System32\WS2_32.dll
0x00007fffc9d60000 - 0x00007fffc9d72000 	C:\Windows\SYSTEM32\kernel.appcore.dll
0x00007fffc42f0000 - 0x00007fffc42fa000 	c:\Users\Dinma\.vscode\extensions\redhat.java-1.20.0-win32-x64\jre\17.0.7-win32-x86_64\bin\jimage.dll
0x00007fffc93c0000 - 0x00007fffc95a4000 	C:\Windows\SYSTEM32\DBGHELP.DLL
0x00007fffc5a70000 - 0x00007fffc5aa4000 	C:\Windows\SYSTEM32\dbgcore.DLL
0x00007fffcc580000 - 0x00007fffcc602000 	C:\Windows\System32\bcryptPrimitives.dll
0x00007fffb36f0000 - 0x00007fffb3715000 	c:\Users\Dinma\.vscode\extensions\redhat.java-1.20.0-win32-x64\jre\17.0.7-win32-x86_64\bin\java.dll
0x00007fffb3790000 - 0x00007fffb37a8000 	c:\Users\Dinma\.vscode\extensions\redhat.java-1.20.0-win32-x64\jre\17.0.7-win32-x86_64\bin\zip.dll
0x00007fffcd8f0000 - 0x00007fffce034000 	C:\Windows\System32\SHELL32.dll
0x00007fffc8c20000 - 0x00007fffc93b3000 	C:\Windows\SYSTEM32\windows.storage.dll
0x00007fffcc990000 - 0x00007fffccce4000 	C:\Windows\System32\combase.dll
0x00007fffcae40000 - 0x00007fffcae6e000 	C:\Windows\SYSTEM32\Wldp.dll
0x00007fffcd300000 - 0x00007fffcd3ad000 	C:\Windows\System32\SHCORE.dll
0x00007fffcbbd0000 - 0x00007fffcbbef000 	C:\Windows\SYSTEM32\profapi.dll
0x00007fffb3460000 - 0x00007fffb3479000 	C:\Users\Dinma\.vscode\extensions\redhat.java-1.20.0-win32-x64\jre\17.0.7-win32-x86_64\bin\net.dll
0x00007fffc4520000 - 0x00007fffc462a000 	C:\Windows\SYSTEM32\WINHTTP.dll
0x00007fffcab50000 - 0x00007fffcabba000 	C:\Windows\system32\mswsock.dll
0x00007fffb3020000 - 0x00007fffb3035000 	C:\Users\Dinma\.vscode\extensions\redhat.java-1.20.0-win32-x64\jre\17.0.7-win32-x86_64\bin\nio.dll
0x00007fffcad40000 - 0x00007fffcad58000 	C:\Windows\SYSTEM32\CRYPTSP.dll
0x00007fffca480000 - 0x00007fffca4b4000 	C:\Windows\system32\rsaenh.dll
0x00007fffcc150000 - 0x00007fffcc177000 	C:\Windows\System32\bcrypt.dll
0x00007fffcbb90000 - 0x00007fffcbbbe000 	C:\Windows\SYSTEM32\USERENV.dll
0x00007fffcad60000 - 0x00007fffcad6c000 	C:\Windows\SYSTEM32\CRYPTBASE.dll
0x00007fffca850000 - 0x00007fffca88c000 	C:\Windows\SYSTEM32\IPHLPAPI.DLL
0x00007fffcd800000 - 0x00007fffcd808000 	C:\Windows\System32\NSI.dll
0x00007fffc64a0000 - 0x00007fffc64b7000 	C:\Windows\SYSTEM32\dhcpcsvc6.DLL
0x00007fffc63f0000 - 0x00007fffc640d000 	C:\Windows\SYSTEM32\dhcpcsvc.DLL
0x00007fffca890000 - 0x00007fffca95a000 	C:\Windows\SYSTEM32\DNSAPI.dll
0x00007fffc5ba0000 - 0x00007fffc5ba9000 	C:\Users\Dinma\.vscode\extensions\redhat.java-1.20.0-win32-x64\jre\17.0.7-win32-x86_64\bin\management.dll
0x00007fffc44f0000 - 0x00007fffc44fb000 	C:\Users\Dinma\.vscode\extensions\redhat.java-1.20.0-win32-x64\jre\17.0.7-win32-x86_64\bin\management_ext.dll
0x00007fffcd810000 - 0x00007fffcd818000 	C:\Windows\System32\PSAPI.DLL

dbghelp: loaded successfully - version: 4.0.5 - missing functions: none
symbol engine: initialized successfully - sym options: 0x614 - pdb path: .;c:\Users\Dinma\.vscode\extensions\redhat.java-1.20.0-win32-x64\jre\17.0.7-win32-x86_64\bin;C:\Windows\SYSTEM32;C:\Windows\WinSxS\amd64_microsoft.windows.common-controls_6595b64144ccf1df_6.0.19041.1110_none_60b5254171f9507e;C:\Program Files\Citrix\System32;C:\Program Files\Citrix\IcaService;c:\Users\Dinma\.vscode\extensions\redhat.java-1.20.0-win32-x64\jre\17.0.7-win32-x86_64\bin\server

VM Arguments:
jvm_args: -XX:+HeapDumpOnOutOfMemoryError -Xmx1024m -Dsts.lsp.client=vscode -Dsts.log.file=/dev/null -XX:TieredStopAtLevel=1 -Xlog:jni+resolve=off -Dspring.config.location=file:c:\Users\Dinma\.vscode\extensions\vmware.vscode-spring-boot-1.47.0\language-server\BOOT-INF\classes\application.properties 
java_command: org.springframework.ide.vscode.boot.app.BootLanguageServerBootApp
java_class_path (initial): c:\Users\Dinma\.vscode\extensions\vmware.vscode-spring-boot-1.47.0\language-server\BOOT-INF\classes;c:\Users\Dinma\.vscode\extensions\vmware.vscode-spring-boot-1.47.0\language-server\BOOT-INF\lib\annotations-24.0.1.jar;c:\Users\Dinma\.vscode\extensions\vmware.vscode-spring-boot-1.47.0\language-server\BOOT-INF\lib\antlr-runtime-3.5.3.jar;c:\Users\Dinma\.vscode\extensions\vmware.vscode-spring-boot-1.47.0\language-server\BOOT-INF\lib\antlr4-4.11.1.jar;c:\Users\Dinma\.vscode\extensions\vmware.vscode-spring-boot-1.47.0\language-server\BOOT-INF\lib\antlr4-runtime-4.11.1.jar;c:\Users\Dinma\.vscode\extensions\vmware.vscode-spring-boot-1.47.0\language-server\BOOT-INF\lib\aopalliance-1.0.jar;c:\Users\Dinma\.vscode\extensions\vmware.vscode-spring-boot-1.47.0\language-server\BOOT-INF\lib\asm-9.5.jar;c:\Users\Dinma\.vscode\extensions\vmware.vscode-spring-boot-1.47.0\language-server\BOOT-INF\lib\asm-analysis-9.5.jar;c:\Users\Dinma\.vscode\extensions\vmware.vscode-spring-boot-1.47.0\language-server\BOOT-INF\lib\asm-tree-9.5.jar;c:\Users\Dinma\.vscode\extensions\vmware.vscode-spring-boot-1.47.0\language-server\BOOT-INF\lib\asm-util-9.5.jar;c:\Users\Dinma\.vscode\extensions\vmware.vscode-spring-boot-1.47.0\language-server\BOOT-INF\lib\auto-common-1.2.1.jar;c:\Users\Dinma\.vscode\extensions\vmware.vscode-spring-boot-1.47.0\language-server\BOOT-INF\lib\auto-value-annotations-1.9.jar;c:\Users\Dinma\.vscode\extensions\vmware.vscode-spring-boot-1.47.0\language-server\BOOT-INF\lib\caffeine-3.1.2.jar;c:\Users\Dinma\.vscode\extensions\vmware.vscode-spring-boot-1.47.0\language-server\BOOT-INF\lib\checker-qual-3.12.0.jar;c:\Users\Dinma\.vscode\extensions\vmware.vscode-spring-boot-1.47.0\language-server\BOOT-INF\lib\classgraph-4.8.149.jar;c:\Users\Dinma\.vscode\extensions\vmware.vscode-spring-boot-1.47.0\language-server\BOOT-INF\lib\commons-codec-1.15.jar;c:\Users\Dinma\.vscode\extensions\vmware.vscode-spring-boot-1.47.0\language-server\BOOT-INF\lib\commons-compres
Launcher Type: SUN_STANDARD

[Global flags]
     intx CICompilerCount                          = 3                                         {product} {ergonomic}
     uint ConcGCThreads                            = 1                                         {product} {ergonomic}
     uint G1ConcRefinementThreads                  = 4                                         {product} {ergonomic}
   size_t G1HeapRegionSize                         = 1048576                                   {product} {ergonomic}
    uintx GCDrainStackTargetSize                   = 64                                        {product} {ergonomic}
     bool HeapDumpOnOutOfMemoryError               = true                                   {manageable} {command line}
   size_t InitialHeapSize                          = 134217728                                 {product} {ergonomic}
   size_t MarkStackSize                            = 4194304                                   {product} {ergonomic}
   size_t MaxHeapSize                              = 1073741824                                {product} {command line}
   size_t MaxNewSize                               = 643825664                                 {product} {ergonomic}
   size_t MinHeapDeltaBytes                        = 1048576                                   {product} {ergonomic}
   size_t MinHeapSize                              = 8388608                                   {product} {ergonomic}
    uintx NonProfiledCodeHeapSize                  = 0                                      {pd product} {ergonomic}
     bool ProfileInterpreter                       = false                                  {pd product} {command line}
    uintx ProfiledCodeHeapSize                     = 0                                      {pd product} {ergonomic}
   size_t SoftMaxHeapSize                          = 1073741824                             {manageable} {ergonomic}
     intx TieredStopAtLevel                        = 1                                         {product} {command line}
     bool UseCompressedClassPointers               = true                           {product lp64_product} {ergonomic}
     bool UseCompressedOops                        = true                           {product lp64_product} {ergonomic}
     bool UseG1GC                                  = true                                      {product} {ergonomic}
     bool UseLargePagesIndividualAllocation        = false                                  {pd product} {ergonomic}

Logging:
Log output configuration:
 #0: stdout all=warning,jni+resolve=off uptime,level,tags
 #1: stderr all=off uptime,level,tags

Environment Variables:
JAVA_HOME=C:\Program Files\OpenJDK\jdk-8.0.262.10-hotspot\
PATH=C:\Program Files (x86)\Microsoft SDKs\Azure\CLI2\wbin;C:\Program Files\OpenJDK\jdk-8.0.262.10-hotspot\bin;C:\ProgramData\Oracle\Java\javapath;C:\Windows\system32;C:\Windows;C:\Windows\System32\Wbem;C:\Windows\System32\WindowsPowerShell\v1.0\;C:\Windows\System32\OpenSSH\;C:\Program Files (x86)\Sennheiser\SenncomSDK\;C:\Program Files\Citrix\System32\;C:\Program Files\Citrix\ICAService\;C:\Program Files\TortoiseSVN\bin;C:\Users\Dinma\nodejs\;C:\Users\Dinma\Git\cmd;C:\Program Files\Docker\Docker\resources\bin;C:\Program Files\RedHat\java-17-openjdk-17.0.7.0.7-1.jre\bin;C:\Users\Dinma\AppData\Local\Microsoft\WindowsApps;C:\Users\Dinma\maven\bin;;C:\Users\Dinma\AppData\Local\Programs\Microsoft VS Code\bin;C:\Users\Dinma\AppData\Roaming\npm
USERNAME=dinma
OS=Windows_NT
PROCESSOR_IDENTIFIER=Intel64 Family 6 Model 85 Stepping 4, GenuineIntel
TMP=C:\Users\Dinma\AppData\Local\Temp
TEMP=C:\Users\Dinma\AppData\Local\Temp



---------------  S Y S T E M  ---------------

OS:
 Windows 10 , 64 bit Build 19041 (10.0.19041.3031)
OS uptime: 14 days 5:19 hours
VMWare virtualization detected

CPU: total 4 (initial active 4) (4 cores per cpu, 1 threads per core) family 6 model 85 stepping 4 microcode 0x2006e05, cx8, cmov, fxsr, mmx, 3dnowpref, sse, sse2, sse3, ssse3, sse4.1, sse4.2, popcnt, lzcnt, tsc, tscinvbit, avx, avx2, aes, erms, clmul, bmi1, bmi2, adx, fma, vzeroupper, clflush, hv

Memory: 4k page, system-wide physical 8191M (79M free)
TotalPageFile size 20921M (AvailPageFile size 12M)
current process WorkingSet (physical memory assigned to process): 147M, peak: 147M
current process commit charge ("private bytes"): 179M, peak: 224M

vm_info: OpenJDK 64-Bit Server VM (17.0.7+7) for windows-amd64 JRE (17.0.7+7), built on Apr 18 2023 22:10:42 by "temurin" with MS VC++ 16.7 (VS2019)

END.
